Unity Editor version:    2021.3.16f1 (4016570cf34f)
Branch:                  2021.3/evg/staging/82bb020e-b03b1330/draft-0
Build type:              Release
Batch mode:              YES
macOS version:           Version 14.0 (Build 23A344)
Darwin version:          23.0.0
Architecture:            x86_64
Running under Rosetta:   NO
Available memory:        32768 MB
Using pre-set license
Pro License: YES

COMMAND LINE ARGUMENTS:
/Applications/Unity/Hub/Editor/2021.3.16f1/Unity.app/Contents/MacOS/Unity
-adb2
-batchMode
-noUpm
-name
AssetImportWorker1
-projectPath
/Users/couchcomfy/Code/games/buggy/Buggy Game
-logFile
Logs/AssetImportWorker1.log
-srvPort
58222
Successfully changed project path to: /Users/couchcomfy/Code/games/buggy/Buggy Game
/Users/couchcomfy/Code/games/buggy/Buggy Game
[UnityMemory] Configuration Parameters - Can be set up in boot.config
    "memorysetup-bucket-allocator-granularity=16"
    "memorysetup-bucket-allocator-bucket-count=8"
    "memorysetup-bucket-allocator-block-size=33554432"
    "memorysetup-bucket-allocator-block-count=8"
    "memorysetup-main-allocator-block-size=16777216"
    "memorysetup-thread-allocator-block-size=16777216"
    "memorysetup-gfx-main-allocator-block-size=16777216"
    "memorysetup-gfx-thread-allocator-block-size=16777216"
    "memorysetup-cache-allocator-block-size=4194304"
    "memorysetup-typetree-allocator-block-size=2097152"
    "memorysetup-profiler-bucket-allocator-granularity=16"
    "memorysetup-profiler-bucket-allocator-bucket-count=8"
    "memorysetup-profiler-bucket-allocator-block-size=33554432"
    "memorysetup-profiler-bucket-allocator-block-count=8"
    "memorysetup-profiler-allocator-block-size=16777216"
    "memorysetup-profiler-editor-allocator-block-size=1048576"
    "memorysetup-temp-allocator-size-main=16777216"
    "memorysetup-job-temp-allocator-block-size=2097152"
    "memorysetup-job-temp-allocator-block-size-background=1048576"
    "memorysetup-job-temp-allocator-reduction-small-platforms=262144"
    "memorysetup-temp-allocator-size-background-worker=32768"
    "memorysetup-temp-allocator-size-job-worker=262144"
    "memorysetup-temp-allocator-size-preload-manager=33554432"
    "memorysetup-temp-allocator-size-nav-mesh-worker=65536"
    "memorysetup-temp-allocator-size-audio-worker=65536"
    "memorysetup-temp-allocator-size-cloud-worker=32768"
    "memorysetup-temp-allocator-size-gi-baking-worker=262144"
    "memorysetup-temp-allocator-size-gfx=262144"
Player connection [140704337018496] Host "[IP] 10.110.16.246 [Port] 0 [Flags] 2 [Guid] 3010881899 [EditorId] 3010881899 [Version] 1048832 [Id] OSXEditor(0,scottpignataros-MacBook-Pro.local) [Debug] 1 [PackageName] OSXEditor [ProjectName] Editor" joined multi-casting on [225.0.0.222:54997]...

Player connection [140704337018496] Host "[IP] 10.110.16.246 [Port] 0 [Flags] 2 [Guid] 3010881899 [EditorId] 3010881899 [Version] 1048832 [Id] OSXEditor(0,scottpignataros-MacBook-Pro.local) [Debug] 1 [PackageName] OSXEditor [ProjectName] Editor" joined alternative multi-casting on [225.0.0.222:34997]...

Refreshing native plugins compatible for Editor in 195.53 ms, found 1 plugins.
Preloading 0 native plugins for Editor in 0.00 ms.
Initialize engine version: 2021.3.16f1 (4016570cf34f)
[Subsystems] Discovering subsystems at path /Applications/Unity/Hub/Editor/2021.3.16f1/Unity.app/Contents/Resources/UnitySubsystems
[Subsystems] Discovering subsystems at path /Users/couchcomfy/Code/games/buggy/Buggy Game/Assets
GfxDevice: creating device client; threaded=0; jobified=0
Color LCD preferred device: AMD Radeon Pro 5500M (high power)
Metal devices available: 2
0: AMD Radeon Pro 5500M (high power)
1: Intel(R) UHD Graphics 630 (low power)
Using device AMD Radeon Pro 5500M (high power)
Initializing Metal device caps: AMD Radeon Pro 5500M
Initialize mono
Mono path[0] = '/Applications/Unity/Hub/Editor/2021.3.16f1/Unity.app/Contents/Managed'
Mono path[1] = '/Applications/Unity/Hub/Editor/2021.3.16f1/Unity.app/Contents/MonoBleedingEdge/lib/mono/unityjit-macos'
Mono config path = '/Applications/Unity/Hub/Editor/2021.3.16f1/Unity.app/Contents/MonoBleedingEdge/etc'
Using monoOptions --debugger-agent=transport=dt_socket,embedding=1,server=y,suspend=n,address=127.0.0.1:56976
Begin MonoManager ReloadAssembly
Registering precompiled unity dll's ...
Register platform support module: /Applications/Unity/Hub/Editor/2021.3.16f1/Unity.app/Contents/PlaybackEngines/MacStandaloneSupport/UnityEditor.OSXStandalone.Extensions.dll
Registered in 0.004299 seconds.
Native extension for OSXStandalone target not found
Refreshing native plugins compatible for Editor in 196.03 ms, found 1 plugins.
Preloading 0 native plugins for Editor in 0.00 ms.
Mono: successfully reloaded assembly
- Completed reload, in  1.355 seconds
Domain Reload Profiling:
	ReloadAssembly (1356ms)
		BeginReloadAssembly (158ms)
			ExecutionOrderSort (0ms)
			DisableScriptedObjects (0ms)
			BackupInstance (0ms)
			ReleaseScriptingObjects (0ms)
			CreateAndSetChildDomain (1ms)
		EndReloadAssembly (1003ms)
			LoadAssemblies (159ms)
			RebuildTransferFunctionScriptingTraits (0ms)
			SetupTypeCache (198ms)
			ReleaseScriptCaches (0ms)
			RebuildScriptCaches (49ms)
			SetupLoadedEditorAssemblies (673ms)
				LogAssemblyErrors (0ms)
				InitializePlatformSupportModulesInManaged (9ms)
				SetLoadedEditorAssemblies (0ms)
				RefreshPlugins (196ms)
				BeforeProcessingInitializeOnLoad (2ms)
				ProcessInitializeOnLoadAttributes (391ms)
				ProcessInitializeOnLoadMethodAttributes (74ms)
				AfterProcessingInitializeOnLoad (0ms)
				EditorAssembliesLoaded (0ms)
			ExecutionOrderSort2 (0ms)
			AwakeInstancesAfterBackupRestoration (0ms)
Platform modules already initialized, skipping
Registering precompiled user dll's ...
Registered in 0.003392 seconds.
Begin MonoManager ReloadAssembly
Native extension for OSXStandalone target not found
Refreshing native plugins compatible for Editor in 193.44 ms, found 1 plugins.
Preloading 0 native plugins for Editor in 0.00 ms.
Mono: successfully reloaded assembly
- Completed reload, in  2.644 seconds
Domain Reload Profiling:
	ReloadAssembly (2646ms)
		BeginReloadAssembly (161ms)
			ExecutionOrderSort (0ms)
			DisableScriptedObjects (9ms)
			BackupInstance (0ms)
			ReleaseScriptingObjects (0ms)
			CreateAndSetChildDomain (39ms)
		EndReloadAssembly (2283ms)
			LoadAssemblies (155ms)
			RebuildTransferFunctionScriptingTraits (0ms)
			SetupTypeCache (479ms)
			ReleaseScriptCaches (1ms)
			RebuildScriptCaches (155ms)
			SetupLoadedEditorAssemblies (1410ms)
				LogAssemblyErrors (0ms)
				InitializePlatformSupportModulesInManaged (4ms)
				SetLoadedEditorAssemblies (0ms)
				RefreshPlugins (193ms)
				BeforeProcessingInitializeOnLoad (181ms)
				ProcessInitializeOnLoadAttributes (560ms)
				ProcessInitializeOnLoadMethodAttributes (467ms)
				AfterProcessingInitializeOnLoad (3ms)
				EditorAssembliesLoaded (0ms)
			ExecutionOrderSort2 (0ms)
			AwakeInstancesAfterBackupRestoration (7ms)
Platform modules already initialized, skipping
========================================================================
Worker process is ready to serve import requests
Launching external process: /Applications/Unity/Hub/Editor/2021.3.16f1/Unity.app/Contents/Tools/UnityShaderCompiler
Launched and connected shader compiler UnityShaderCompiler after 0.11 seconds
Refreshing native plugins compatible for Editor in 1.04 ms, found 1 plugins.
Preloading 0 native plugins for Editor in 0.00 ms.
Unloading 6144 Unused Serialized files (Serialized files now loaded: 0)
Unloading 69 unused Assets / (2.8 MB). Loaded Objects now: 6598.
Memory consumption went from 288.8 MB to 286.0 MB.
Total: 6.232256 ms (FindLiveObjects: 0.596026 ms CreateObjectMapping: 0.588311 ms MarkObjects: 4.121362 ms  DeleteObjects: 0.925286 ms)

AssetImportParameters requested are different than current active one (requested -> active):
  custom:video-decoder-ogg-theora: a1e56fd34408186e4bbccfd4996cb3dc -> 
  custom:container-muxer-webm: aa71ff27fc2769a1b78a27578f13a17b -> 
  custom:container-demuxer-webm: 4f35f7cbe854078d1ac9338744f61a02 -> 
  custom:video-encoder-webm-vp8: eb34c28f22e8b96e1ab97ce403110664 -> 
  custom:framework-osx-AVFoundation: e770b220cccbd017edd2c1fefb359320 -> 
  custom:audio-encoder-webm-vorbis: bf7c407c2cedff20999df2af8eb42d56 -> 
  custom:container-demuxer-ogg: 62fdf1f143b41e24485cea50d1cbac27 -> 
  custom:video-decoder-webm-vp8: 9c59270c3fd7afecdb556c50c9e8de78 -> 
  custom:audio-decoder-ogg-vorbis: bf7c407c2cedff20999df2af8eb42d56 -> 
========================================================================
Received Import Request.
  Time since last request: 340356.874039 seconds.
  path: Assets/Art/Ant-back-leg.png
  artifactKey: Guid(64a42af3fdfb446f5ae7e709d49d3e78) Importer(815301076,1909f56bfc062723c751e8b465ee728b)
Start importing Assets/Art/Ant-back-leg.png using Guid(64a42af3fdfb446f5ae7e709d49d3e78) Importer(815301076,1909f56bfc062723c751e8b465ee728b)  -> (artifact id: 'e356848804f42885c50c73e6503ded31') in 1.503124 seconds 
========================================================================
Received Import Request.
  Time since last request: 0.000108 seconds.
  path: Assets/Art/ant-body.png
  artifactKey: Guid(9ec6355f8daf146d39af553d994e9830) Importer(815301076,1909f56bfc062723c751e8b465ee728b)
Start importing Assets/Art/ant-body.png using Guid(9ec6355f8daf146d39af553d994e9830) Importer(815301076,1909f56bfc062723c751e8b465ee728b)  -> (artifact id: '3ced3747355f7113142fcefc0a15f208') in 0.013812 seconds 
========================================================================
Received Import Request.
  Time since last request: 0.000084 seconds.
  path: Assets/Art/Ant-second-leg.png
  artifactKey: Guid(e13503617683c4ebbb4a947b8cede9f0) Importer(815301076,1909f56bfc062723c751e8b465ee728b)
Start importing Assets/Art/Ant-second-leg.png using Guid(e13503617683c4ebbb4a947b8cede9f0) Importer(815301076,1909f56bfc062723c751e8b465ee728b)  -> (artifact id: 'b1d8f3ef13869c9a9dad1624108f0c2e') in 0.010146 seconds 
========================================================================
Received Import Request.
  Time since last request: 2.899657 seconds.
  path: Assets/Volume Profiles/IslandGlobalVolume.asset
  artifactKey: Guid(793b2faf68ffb41379255563505fd632) Importer(815301076,1909f56bfc062723c751e8b465ee728b)
Start importing Assets/Volume Profiles/IslandGlobalVolume.asset using Guid(793b2faf68ffb41379255563505fd632) Importer(815301076,1909f56bfc062723c751e8b465ee728b)  -> (artifact id: '53c57332dc7ff8e846a50bd91d9a8aa8') in 1.163688 seconds 
========================================================================
Received Import Request.
  Time since last request: 11.669746 seconds.
  path: Assets/Prefabs/BugNet.prefab
  artifactKey: Guid(d95a2633a8801f84dbb77a82c2c7dd1d) Importer(815301076,1909f56bfc062723c751e8b465ee728b)
Start importing Assets/Prefabs/BugNet.prefab using Guid(d95a2633a8801f84dbb77a82c2c7dd1d) Importer(815301076,1909f56bfc062723c751e8b465ee728b)  -> (artifact id: 'fbcc6493d83acadcc15a4b953a3c0513') in 55.803209 seconds 
========================================================================
Received Import Request.
  Time since last request: 0.003833 seconds.
  path: Assets/Prefabs/Bugs/Ladybug.prefab
  artifactKey: Guid(893c0da7a09044eeaae5f70c742ff2d2) Importer(815301076,1909f56bfc062723c751e8b465ee728b)
Start importing Assets/Prefabs/Bugs/Ladybug.prefab using Guid(893c0da7a09044eeaae5f70c742ff2d2) Importer(815301076,1909f56bfc062723c751e8b465ee728b)  -> (artifact id: '682cb9973819ca4c83f9298e0f06d616') in 0.036357 seconds 
========================================================================
Received Import Request.
  Time since last request: 0.000099 seconds.
  path: Assets/Prefabs/InventoryManager.prefab
  artifactKey: Guid(00ad131dd02805645b31fe15b19acbed) Importer(815301076,1909f56bfc062723c751e8b465ee728b)
Start importing Assets/Prefabs/InventoryManager.prefab using Guid(00ad131dd02805645b31fe15b19acbed) Importer(815301076,1909f56bfc062723c751e8b465ee728b)  -> (artifact id: '6ccc43f0564a5b90ec9f84fb325e8236') in 0.004420 seconds 
========================================================================
Received Import Request.
  Time since last request: 0.000091 seconds.
  path: Assets/Models/gleybox_spruce_3t.fbx
  artifactKey: Guid(e08eb0cba0fbd8b47b49a4c9cc051042) Importer(815301076,1909f56bfc062723c751e8b465ee728b)
Start importing Assets/Models/gleybox_spruce_3t.fbx using Guid(e08eb0cba0fbd8b47b49a4c9cc051042) Importer(815301076,1909f56bfc062723c751e8b465ee728b)  -> (artifact id: '05dc3ac120cd2d54d3a4fc515238c739') in 0.679327 seconds 
========================================================================
Received Import Request.
  Time since last request: 0.000126 seconds.
  path: Assets/Prefabs/Poster.prefab
  artifactKey: Guid(da3791760f2a9417c8184e8520bf1c2e) Importer(815301076,1909f56bfc062723c751e8b465ee728b)
Start importing Assets/Prefabs/Poster.prefab using Guid(da3791760f2a9417c8184e8520bf1c2e) Importer(815301076,1909f56bfc062723c751e8b465ee728b)  -> (artifact id: '6cb168fc92cd1d8a8ec2be4a7ae44774') in 0.007677 seconds 
========================================================================
Received Import Request.
  Time since last request: 0.000125 seconds.
  path: Assets/Textures/SnailSticker.PNG
  artifactKey: Guid(6ac4c8c39daf64d598462b0f52151053) Importer(815301076,1909f56bfc062723c751e8b465ee728b)
Start importing Assets/Textures/SnailSticker.PNG using Guid(6ac4c8c39daf64d598462b0f52151053) Importer(815301076,1909f56bfc062723c751e8b465ee728b)  -> (artifact id: '172054ca643624f54942b9a3a2305b78') in 0.221330 seconds 
========================================================================
Received Import Request.
  Time since last request: 0.000133 seconds.
  path: Assets/TutorialInfo/Icons/Help_Icon.png
  artifactKey: Guid(9266273b8f123004195741f969177dda) Importer(815301076,1909f56bfc062723c751e8b465ee728b)
Start importing Assets/TutorialInfo/Icons/Help_Icon.png using Guid(9266273b8f123004195741f969177dda) Importer(815301076,1909f56bfc062723c751e8b465ee728b)  -> (artifact id: 'f1e379f9e314b2e8f4e3aa3a4891e5b0') in 0.013023 seconds 
========================================================================
Received Import Request.
  Time since last request: 0.000098 seconds.
  path: Assets/Textures/Bugopedia/WormPage.jpg
  artifactKey: Guid(08baf177c7cabdc48b14c1ccaccf79af) Importer(815301076,1909f56bfc062723c751e8b465ee728b)
Start importing Assets/Textures/Bugopedia/WormPage.jpg using Guid(08baf177c7cabdc48b14c1ccaccf79af) Importer(815301076,1909f56bfc062723c751e8b465ee728b)  -> (artifact id: 'db73b03ce215a569bd656c2955120af7') in 0.216125 seconds 
========================================================================
Received Import Request.
  Time since last request: 0.000378 seconds.
  path: Assets/Models/shoe rack.fbx
  artifactKey: Guid(e2c16728de307424fb2dc92aec893a53) Importer(815301076,1909f56bfc062723c751e8b465ee728b)
Start importing Assets/Models/shoe rack.fbx using Guid(e2c16728de307424fb2dc92aec893a53) Importer(815301076,1909f56bfc062723c751e8b465ee728b)  -> (artifact id: '9c1af782b4376cf496781a2ee749fe26') in 0.242460 seconds 
========================================================================
Received Import Request.
  Time since last request: 0.000109 seconds.
  path: Assets/Models/star lights.fbx
  artifactKey: Guid(9ed4426b5cf937c4280ec6975720e06f) Importer(815301076,1909f56bfc062723c751e8b465ee728b)
Start importing Assets/Models/star lights.fbx using Guid(9ed4426b5cf937c4280ec6975720e06f) Importer(815301076,1909f56bfc062723c751e8b465ee728b)  -> (artifact id: 'bad7e775c05c83df942c8d25e196729f') in 0.411162 seconds 
========================================================================
Received Import Request.
  Time since last request: 0.000112 seconds.
  path: Assets/Models/bedside table.fbx
  artifactKey: Guid(442870c9634894545bed1c1a5d6a98ac) Importer(815301076,1909f56bfc062723c751e8b465ee728b)
Start importing Assets/Models/bedside table.fbx using Guid(442870c9634894545bed1c1a5d6a98ac) Importer(815301076,1909f56bfc062723c751e8b465ee728b)  -> (artifact id: '0ccc3af263a3d09e5f8129db8d3160d6') in 0.248212 seconds 
========================================================================
Received Import Request.
  Time since last request: 0.000160 seconds.
  path: Assets/Prefabs/Bugs/ButterFly.prefab
  artifactKey: Guid(92350e0e355f84b2fb8e10c2a3beb231) Importer(815301076,1909f56bfc062723c751e8b465ee728b)
Start importing Assets/Prefabs/Bugs/ButterFly.prefab using Guid(92350e0e355f84b2fb8e10c2a3beb231) Importer(815301076,1909f56bfc062723c751e8b465ee728b)  -> (artifact id: 'e05494cfacbc156e84d3cc948b6ef5e0') in 0.031219 seconds 
========================================================================
Received Import Request.
  Time since last request: 0.000128 seconds.
  path: Assets/Prefabs/shoeRack.prefab
  artifactKey: Guid(97f2ae76d68478e44a07fcc990f40662) Importer(815301076,1909f56bfc062723c751e8b465ee728b)
Start importing Assets/Prefabs/shoeRack.prefab using Guid(97f2ae76d68478e44a07fcc990f40662) Importer(815301076,1909f56bfc062723c751e8b465ee728b)  -> (artifact id: 'cdc5229d5943920e5c0d8d446ebc7a80') in 1.351367 seconds 
========================================================================
Received Import Request.
  Time since last request: 0.000088 seconds.
  path: Assets/Models/gleybox_spruce_1t.fbx
  artifactKey: Guid(3aafcf8490dd1c3429f868f283469878) Importer(815301076,1909f56bfc062723c751e8b465ee728b)
Start importing Assets/Models/gleybox_spruce_1t.fbx using Guid(3aafcf8490dd1c3429f868f283469878) Importer(815301076,1909f56bfc062723c751e8b465ee728b)  -> (artifact id: 'afcf7cc58eb469815f066626bfe78124') in 0.028935 seconds 
========================================================================
Received Import Request.
  Time since last request: 0.000101 seconds.
  path: Assets/Textures/crossHair.png
  artifactKey: Guid(73499891e0b8a4604812179a2e3bfc4a) Importer(815301076,1909f56bfc062723c751e8b465ee728b)
Start importing Assets/Textures/crossHair.png using Guid(73499891e0b8a4604812179a2e3bfc4a) Importer(815301076,1909f56bfc062723c751e8b465ee728b)  -> (artifact id: '32861a2222623651ba7ee26e5071b020') in 0.333381 seconds 
========================================================================
Received Import Request.
  Time since last request: 0.000136 seconds.
  path: Assets/Models/bed.fbx
  artifactKey: Guid(2485b4517d8989241ae89bb57fd42f19) Importer(815301076,1909f56bfc062723c751e8b465ee728b)
Start importing Assets/Models/bed.fbx using Guid(2485b4517d8989241ae89bb57fd42f19) Importer(815301076,1909f56bfc062723c751e8b465ee728b)  -> (artifact id: 'c0f9abc4985e3602fbf5255f13069345') in 0.273632 seconds 
========================================================================
Received Import Request.
  Time since last request: 0.000107 seconds.
  path: Assets/Prefabs/Bugs/Ant.prefab
  artifactKey: Guid(f0f69f8a076464a09a7cb5886b5ea658) Importer(815301076,1909f56bfc062723c751e8b465ee728b)
Start importing Assets/Prefabs/Bugs/Ant.prefab using Guid(f0f69f8a076464a09a7cb5886b5ea658) Importer(815301076,1909f56bfc062723c751e8b465ee728b)  -> (artifact id: '7ed2c8bd07055de4eccde32577ea8ce1') in 0.038970 seconds 
========================================================================
Received Import Request.
  Time since last request: 0.000090 seconds.
  path: Assets/Models/succ.fbx
  artifactKey: Guid(4e45b65c204c0864eae1f4520aa5f114) Importer(815301076,1909f56bfc062723c751e8b465ee728b)
Start importing Assets/Models/succ.fbx using Guid(4e45b65c204c0864eae1f4520aa5f114) Importer(815301076,1909f56bfc062723c751e8b465ee728b)  -> (artifact id: '8ae787184f3345766177ae3bb85accb1') in 0.097469 seconds 
========================================================================
Received Import Request.
  Time since last request: 0.000134 seconds.
  path: Assets/Models/book.fbx
  artifactKey: Guid(499ab7b67ee46b9478b4a7d78dfda6c8) Importer(815301076,1909f56bfc062723c751e8b465ee728b)
Start importing Assets/Models/book.fbx using Guid(499ab7b67ee46b9478b4a7d78dfda6c8) Importer(815301076,1909f56bfc062723c751e8b465ee728b)  -> (artifact id: 'ebcc200cae0863bef3b36d7d7fd81d70') in 0.082613 seconds 
========================================================================
Received Import Request.
  Time since last request: 0.000107 seconds.
  path: Assets/Prefabs/Bugs/Worm.prefab
  artifactKey: Guid(513550d3a43a34df494177b5714a07e0) Importer(815301076,1909f56bfc062723c751e8b465ee728b)
Start importing Assets/Prefabs/Bugs/Worm.prefab using Guid(513550d3a43a34df494177b5714a07e0) Importer(815301076,1909f56bfc062723c751e8b465ee728b)  -> (artifact id: 'cb61f3ba6a82d8ff35d0abaf4569cbdd') in 0.025079 seconds 
========================================================================
Received Import Request.
  Time since last request: 0.000121 seconds.
  path: Assets/Textures/Bugopedia/StickbugPage.jpg
  artifactKey: Guid(feaceb4fde2664f4889ce7feb2cf1c91) Importer(815301076,1909f56bfc062723c751e8b465ee728b)
Start importing Assets/Textures/Bugopedia/StickbugPage.jpg using Guid(feaceb4fde2664f4889ce7feb2cf1c91) Importer(815301076,1909f56bfc062723c751e8b465ee728b)  -> (artifact id: 'c058365aec3870031a3d439bdfc7040a') in 0.014088 seconds 
========================================================================
Received Import Request.
  Time since last request: 0.000119 seconds.
  path: Assets/Prefabs/jar.prefab
  artifactKey: Guid(e070420cd75804e44906fe8b27006e5b) Importer(815301076,1909f56bfc062723c751e8b465ee728b)
Start importing Assets/Prefabs/jar.prefab using Guid(e070420cd75804e44906fe8b27006e5b) Importer(815301076,1909f56bfc062723c751e8b465ee728b)  -> (artifact id: '4edac58a8bba3fb8df8c036d400ba992') in 0.026035 seconds 
========================================================================
Received Import Request.
  Time since last request: 0.000115 seconds.
  path: Assets/Textures/BeeSticker.PNG
  artifactKey: Guid(0336fdc1f5c3b43b7b4cb4716c5dd9df) Importer(815301076,1909f56bfc062723c751e8b465ee728b)
Start importing Assets/Textures/BeeSticker.PNG using Guid(0336fdc1f5c3b43b7b4cb4716c5dd9df) Importer(815301076,1909f56bfc062723c751e8b465ee728b)  -> (artifact id: '12ed052e8c460f8df43f5c47045421f3') in 0.349971 seconds 
========================================================================
Received Import Request.
  Time since last request: 0.000095 seconds.
  path: Assets/Textures/Bugopedia/ButterflyPage.jpg
  artifactKey: Guid(47777c2776d9cf842b8e57e2cd2a1714) Importer(815301076,1909f56bfc062723c751e8b465ee728b)
Start importing Assets/Textures/Bugopedia/ButterflyPage.jpg using Guid(47777c2776d9cf842b8e57e2cd2a1714) Importer(815301076,1909f56bfc062723c751e8b465ee728b)  -> (artifact id: '28b8c9a8ebe249dc04ccafa97f9e79e0') in 0.013195 seconds 
========================================================================
Received Import Request.
  Time since last request: 0.000136 seconds.
  path: Assets/Textures/ButterflySticker.PNG
  artifactKey: Guid(c6888a0faccdc468aba099857953b317) Importer(815301076,1909f56bfc062723c751e8b465ee728b)
Start importing Assets/Textures/ButterflySticker.PNG using Guid(c6888a0faccdc468aba099857953b317) Importer(815301076,1909f56bfc062723c751e8b465ee728b)  -> (artifact id: '2dc899e5bccbe642e58f3bc7914f2e47') in 0.014056 seconds 
========================================================================
Received Import Request.
  Time since last request: 0.000117 seconds.
  path: Assets/Textures/Bugopedia/AntPage.jpg
  artifactKey: Guid(f71cd62b8574e6347bff354ea977ab26) Importer(815301076,1909f56bfc062723c751e8b465ee728b)
Start importing Assets/Textures/Bugopedia/AntPage.jpg using Guid(f71cd62b8574e6347bff354ea977ab26) Importer(815301076,1909f56bfc062723c751e8b465ee728b)  -> (artifact id: 'e6a064127d3cbecd2446feee8ed9ddd3') in 0.011549 seconds 
========================================================================
Received Import Request.
  Time since last request: 0.000094 seconds.
  path: Assets/Textures/Bugopedia/BeePage.jpg
  artifactKey: Guid(4fb1df345ea3c814e8c36ea8f4adbaff) Importer(815301076,1909f56bfc062723c751e8b465ee728b)
Start importing Assets/Textures/Bugopedia/BeePage.jpg using Guid(4fb1df345ea3c814e8c36ea8f4adbaff) Importer(815301076,1909f56bfc062723c751e8b465ee728b)  -> (artifact id: '55c47b57b1285f2b85fa16866d668082') in 0.014696 seconds 
========================================================================
Received Import Request.
  Time since last request: 0.000113 seconds.
  path: Assets/Textures/Bugopedia/LadybugPage.jpg
  artifactKey: Guid(ac471e9cb8bcd854fa7caed75219f1bc) Importer(815301076,1909f56bfc062723c751e8b465ee728b)
Start importing Assets/Textures/Bugopedia/LadybugPage.jpg using Guid(ac471e9cb8bcd854fa7caed75219f1bc) Importer(815301076,1909f56bfc062723c751e8b465ee728b)  -> (artifact id: '23e938ddd970bf2e74a8428454729572') in 0.011287 seconds 
Editor requested this worker to shutdown with reason: Scaling down because of idle timeout
AssetImportWorker is now disconnected from the server
Process exiting
