Using pre-set license
Built from '2021.3/evg/staging/82bb020e-b03b1330/draft-0' branch; Version is '2021.3.16f1 (4016570cf34f) revision 4200023'; Using compiler version '192829333'; Build Type 'Release'
OS: 'Windows 11  (10.0.22631) 64bit Core' Language: 'en' Physical Memory: 16122 MB
BatchMode: 1, IsHumanControllingUs: 0, StartBugReporterOnCrash: 0, Is64bit: 1, IsPro: 1

COMMAND LINE ARGUMENTS:
C:\Program Files\Unity 2021.3.16f1\Editor\Unity.exe
-adb2
-batchMode
-noUpm
-name
AssetImportWorker0
-projectPath
C:/Users/letha/OneDrive/Documents/buggy/Buggy Game
-logFile
Logs/AssetImportWorker0.log
-srvPort
63342
Successfully changed project path to: C:/Users/letha/OneDrive/Documents/buggy/Buggy Game
C:/Users/letha/OneDrive/Documents/buggy/Buggy Game
[UnityMemory] Configuration Parameters - Can be set up in boot.config
    "memorysetup-bucket-allocator-granularity=16"
    "memorysetup-bucket-allocator-bucket-count=8"
    "memorysetup-bucket-allocator-block-size=33554432"
    "memorysetup-bucket-allocator-block-count=8"
    "memorysetup-main-allocator-block-size=16777216"
    "memorysetup-thread-allocator-block-size=16777216"
    "memorysetup-gfx-main-allocator-block-size=16777216"
    "memorysetup-gfx-thread-allocator-block-size=16777216"
    "memorysetup-cache-allocator-block-size=4194304"
    "memorysetup-typetree-allocator-block-size=2097152"
    "memorysetup-profiler-bucket-allocator-granularity=16"
    "memorysetup-profiler-bucket-allocator-bucket-count=8"
    "memorysetup-profiler-bucket-allocator-block-size=33554432"
    "memorysetup-profiler-bucket-allocator-block-count=8"
    "memorysetup-profiler-allocator-block-size=16777216"
    "memorysetup-profiler-editor-allocator-block-size=1048576"
    "memorysetup-temp-allocator-size-main=16777216"
    "memorysetup-job-temp-allocator-block-size=2097152"
    "memorysetup-job-temp-allocator-block-size-background=1048576"
    "memorysetup-job-temp-allocator-reduction-small-platforms=262144"
    "memorysetup-temp-allocator-size-background-worker=32768"
    "memorysetup-temp-allocator-size-job-worker=262144"
    "memorysetup-temp-allocator-size-preload-manager=33554432"
    "memorysetup-temp-allocator-size-nav-mesh-worker=65536"
    "memorysetup-temp-allocator-size-audio-worker=65536"
    "memorysetup-temp-allocator-size-cloud-worker=32768"
    "memorysetup-temp-allocator-size-gi-baking-worker=262144"
    "memorysetup-temp-allocator-size-gfx=262144"
Player connection [33768] Host "[IP] 172.29.192.1 [Port] 0 [Flags] 2 [Guid] 4101646953 [EditorId] 4101646953 [Version] 1048832 [Id] WindowsEditor(7,Snek) [Debug] 1 [PackageName] WindowsEditor [ProjectName] Editor" joined multi-casting on [225.0.0.222:54997]...

Player connection [33768] Host "[IP] 172.29.192.1 [Port] 0 [Flags] 2 [Guid] 4101646953 [EditorId] 4101646953 [Version] 1048832 [Id] WindowsEditor(7,Snek) [Debug] 1 [PackageName] WindowsEditor [ProjectName] Editor" joined alternative multi-casting on [225.0.0.222:34997]...

Refreshing native plugins compatible for Editor in 250.20 ms, found 3 plugins.
Preloading 0 native plugins for Editor in 0.00 ms.
Initialize engine version: 2021.3.16f1 (4016570cf34f)
[Subsystems] Discovering subsystems at path C:/Program Files/Unity 2021.3.16f1/Editor/Data/Resources/UnitySubsystems
[Subsystems] Discovering subsystems at path C:/Users/letha/OneDrive/Documents/buggy/Buggy Game/Assets
GfxDevice: creating device client; threaded=0; jobified=0
Direct3D:
    Version:  Direct3D 11.0 [level 11.1]
    Renderer: NVIDIA GeForce GTX 1650 Ti with Max-Q Design (ID=0x1f95)
    Vendor:   NVIDIA
    VRAM:     3949 MB
    Driver:   31.0.15.3179
Initialize mono
Mono path[0] = 'C:/Program Files/Unity 2021.3.16f1/Editor/Data/Managed'
Mono path[1] = 'C:/Program Files/Unity 2021.3.16f1/Editor/Data/MonoBleedingEdge/lib/mono/unityjit-win32'
Mono config path = 'C:/Program Files/Unity 2021.3.16f1/Editor/Data/MonoBleedingEdge/etc'
Using monoOptions --debugger-agent=transport=dt_socket,embedding=1,server=y,suspend=n,address=127.0.0.1:56236
Begin MonoManager ReloadAssembly
Registering precompiled unity dll's ...
Register platform support module: C:/Program Files/Unity 2021.3.16f1/Editor/Data/PlaybackEngines/WindowsStandaloneSupport/UnityEditor.WindowsStandalone.Extensions.dll
Registered in 0.005169 seconds.
Native extension for WindowsStandalone target not found
Refreshing native plugins compatible for Editor in 216.96 ms, found 3 plugins.
Preloading 0 native plugins for Editor in 0.00 ms.
Mono: successfully reloaded assembly
- Completed reload, in  1.048 seconds
Domain Reload Profiling:
	ReloadAssembly (1049ms)
		BeginReloadAssembly (112ms)
			ExecutionOrderSort (0ms)
			DisableScriptedObjects (0ms)
			BackupInstance (0ms)
			ReleaseScriptingObjects (0ms)
			CreateAndSetChildDomain (1ms)
		EndReloadAssembly (801ms)
			LoadAssemblies (108ms)
			RebuildTransferFunctionScriptingTraits (0ms)
			SetupTypeCache (142ms)
			ReleaseScriptCaches (0ms)
			RebuildScriptCaches (39ms)
			SetupLoadedEditorAssemblies (542ms)
				LogAssemblyErrors (0ms)
				InitializePlatformSupportModulesInManaged (9ms)
				SetLoadedEditorAssemblies (0ms)
				RefreshPlugins (217ms)
				BeforeProcessingInitializeOnLoad (1ms)
				ProcessInitializeOnLoadAttributes (228ms)
				ProcessInitializeOnLoadMethodAttributes (86ms)
				AfterProcessingInitializeOnLoad (0ms)
				EditorAssembliesLoaded (0ms)
			ExecutionOrderSort2 (0ms)
			AwakeInstancesAfterBackupRestoration (0ms)
Platform modules already initialized, skipping
Registering precompiled user dll's ...
Registered in 0.015858 seconds.
Begin MonoManager ReloadAssembly
Native extension for WindowsStandalone target not found
Refreshing native plugins compatible for Editor in 238.65 ms, found 3 plugins.
Preloading 0 native plugins for Editor in 0.00 ms.
Mono: successfully reloaded assembly
- Completed reload, in  2.948 seconds
Domain Reload Profiling:
	ReloadAssembly (2950ms)
		BeginReloadAssembly (179ms)
			ExecutionOrderSort (0ms)
			DisableScriptedObjects (9ms)
			BackupInstance (0ms)
			ReleaseScriptingObjects (0ms)
			CreateAndSetChildDomain (33ms)
		EndReloadAssembly (2566ms)
			LoadAssemblies (157ms)
			RebuildTransferFunctionScriptingTraits (0ms)
			SetupTypeCache (516ms)
			ReleaseScriptCaches (2ms)
			RebuildScriptCaches (160ms)
			SetupLoadedEditorAssemblies (1639ms)
				LogAssemblyErrors (0ms)
				InitializePlatformSupportModulesInManaged (6ms)
				SetLoadedEditorAssemblies (0ms)
				RefreshPlugins (239ms)
				BeforeProcessingInitializeOnLoad (238ms)
				ProcessInitializeOnLoadAttributes (735ms)
				ProcessInitializeOnLoadMethodAttributes (404ms)
				AfterProcessingInitializeOnLoad (15ms)
				EditorAssembliesLoaded (0ms)
			ExecutionOrderSort2 (0ms)
			AwakeInstancesAfterBackupRestoration (16ms)
Platform modules already initialized, skipping
========================================================================
Worker process is ready to serve import requests
Launched and connected shader compiler UnityShaderCompiler.exe after 0.06 seconds
Refreshing native plugins compatible for Editor in 2.32 ms, found 3 plugins.
Preloading 0 native plugins for Editor in 0.00 ms.
Unloading 7344 Unused Serialized files (Serialized files now loaded: 0)
Unloading 78 unused Assets / (5.3 MB). Loaded Objects now: 7788.
Memory consumption went from 351.6 MB to 346.2 MB.
Total: 10.465000 ms (FindLiveObjects: 0.891500 ms CreateObjectMapping: 0.855100 ms MarkObjects: 7.076000 ms  DeleteObjects: 1.640800 ms)

AssetImportParameters requested are different than current active one (requested -> active):
  custom:video-decoder-ogg-theora: a1e56fd34408186e4bbccfd4996cb3dc -> 
  custom:container-muxer-webm: aa71ff27fc2769a1b78a27578f13a17b -> 
  custom:container-demuxer-webm: 4f35f7cbe854078d1ac9338744f61a02 -> 
  custom:video-encoder-webm-vp8: eb34c28f22e8b96e1ab97ce403110664 -> 
  custom:audio-encoder-webm-vorbis: bf7c407c2cedff20999df2af8eb42d56 -> 
  custom:framework-win-MediaFoundation: 216162199b28c13a410421893ffa2e32 -> 
  custom:container-demuxer-ogg: 62fdf1f143b41e24485cea50d1cbac27 -> 
  custom:video-decoder-webm-vp8: 9c59270c3fd7afecdb556c50c9e8de78 -> 
  custom:audio-decoder-ogg-vorbis: bf7c407c2cedff20999df2af8eb42d56 -> 
========================================================================
Received Import Request.
  Time since last request: 559810.858498 seconds.
  path: Assets/Models/tall shelf.fbx
  artifactKey: Guid(7825c7a4ecc6ffc43aa7915c936203d6) Importer(815301076,1909f56bfc062723c751e8b465ee728b)
Start importing Assets/Models/tall shelf.fbx using Guid(7825c7a4ecc6ffc43aa7915c936203d6) Importer(815301076,1909f56bfc062723c751e8b465ee728b)  -> (artifact id: 'd87e23e1ae7699443e885f0cd8553660') in 8.364129 seconds 
========================================================================
Received Import Request.
  Time since last request: 19.790431 seconds.
  path: Assets/Art/Ant-back-leg.png
  artifactKey: Guid(64a42af3fdfb446f5ae7e709d49d3e78) Importer(815301076,1909f56bfc062723c751e8b465ee728b)
Start importing Assets/Art/Ant-back-leg.png using Guid(64a42af3fdfb446f5ae7e709d49d3e78) Importer(815301076,1909f56bfc062723c751e8b465ee728b)  -> (artifact id: '883b24b28a00a2083693fb44dc478605') in 0.078454 seconds 
========================================================================
Received Import Request.
  Time since last request: 0.000092 seconds.
  path: Assets/Art/Ant-front-leg.png
  artifactKey: Guid(42e7d43c0f2914047a39b40830a1ea6e) Importer(815301076,1909f56bfc062723c751e8b465ee728b)
Start importing Assets/Art/Ant-front-leg.png using Guid(42e7d43c0f2914047a39b40830a1ea6e) Importer(815301076,1909f56bfc062723c751e8b465ee728b)  -> (artifact id: '88342563b3aebe01ad4ce2cdf5803470') in 0.057392 seconds 
========================================================================
Received Import Request.
  Time since last request: 0.000048 seconds.
  path: Assets/Art/Ant-second-leg.png
  artifactKey: Guid(e13503617683c4ebbb4a947b8cede9f0) Importer(815301076,1909f56bfc062723c751e8b465ee728b)
Start importing Assets/Art/Ant-second-leg.png using Guid(e13503617683c4ebbb4a947b8cede9f0) Importer(815301076,1909f56bfc062723c751e8b465ee728b)  -> (artifact id: '8cb6eba6026438a20b6901da60bc16e9') in 0.042682 seconds 
========================================================================
Received Import Request.
  Time since last request: 119.518757 seconds.
  path: Assets/Art/ButterflyAntenna.png
  artifactKey: Guid(5bfa371c5f62a844eb44d0fd23d4537b) Importer(815301076,1909f56bfc062723c751e8b465ee728b)
Start importing Assets/Art/ButterflyAntenna.png using Guid(5bfa371c5f62a844eb44d0fd23d4537b) Importer(815301076,1909f56bfc062723c751e8b465ee728b)  -> (artifact id: 'c732f222a79cd3f22d93f3900e95cec7') in 0.023066 seconds 
========================================================================
Received Import Request.
  Time since last request: 0.000072 seconds.
  path: Assets/Art/ButterflyLowerWing.png
  artifactKey: Guid(2fe7c8937881798478deff4cc413943a) Importer(815301076,1909f56bfc062723c751e8b465ee728b)
Start importing Assets/Art/ButterflyLowerWing.png using Guid(2fe7c8937881798478deff4cc413943a) Importer(815301076,1909f56bfc062723c751e8b465ee728b)  -> (artifact id: 'a5e24bc3e6d62f99bc8577dbfdd323a9') in 0.020906 seconds 
========================================================================
Received Import Request.
  Time since last request: 27.753574 seconds.
  path: Assets/ButterflyAntenna.png
  artifactKey: Guid(3349d6b67ad9e4943ace90cbe8c7f1a4) Importer(815301076,1909f56bfc062723c751e8b465ee728b)
Start importing Assets/ButterflyAntenna.png using Guid(3349d6b67ad9e4943ace90cbe8c7f1a4) Importer(815301076,1909f56bfc062723c751e8b465ee728b)  -> (artifact id: '4bf7bd232150ac3be63109d18338233d') in 0.014762 seconds 
========================================================================
Received Import Request.
  Time since last request: 0.000058 seconds.
  path: Assets/ButterflyLowerWing.png
  artifactKey: Guid(e76d87ad22bc9694d994da18af58d7ed) Importer(815301076,1909f56bfc062723c751e8b465ee728b)
Start importing Assets/ButterflyLowerWing.png using Guid(e76d87ad22bc9694d994da18af58d7ed) Importer(815301076,1909f56bfc062723c751e8b465ee728b)  -> (artifact id: '36aec1607f77ba0ed9c136475afe7cfb') in 0.014200 seconds 
========================================================================
Received Import Request.
  Time since last request: 13.962224 seconds.
  path: Assets/Art/ButterflyAntenna.png
  artifactKey: Guid(3349d6b67ad9e4943ace90cbe8c7f1a4) Importer(815301076,1909f56bfc062723c751e8b465ee728b)
Start importing Assets/Art/ButterflyAntenna.png using Guid(3349d6b67ad9e4943ace90cbe8c7f1a4) Importer(815301076,1909f56bfc062723c751e8b465ee728b)  -> (artifact id: '867074ab8386fdf7208fdb479a14ab01') in 0.038522 seconds 
========================================================================
Received Import Request.
  Time since last request: 7.248231 seconds.
  path: Assets/Art/ButterflyAntenna.png
  artifactKey: Guid(3349d6b67ad9e4943ace90cbe8c7f1a4) Importer(815301076,1909f56bfc062723c751e8b465ee728b)
Start importing Assets/Art/ButterflyAntenna.png using Guid(3349d6b67ad9e4943ace90cbe8c7f1a4) Importer(815301076,1909f56bfc062723c751e8b465ee728b)  -> (artifact id: 'a69152b504f831f6e9c6c0da5516470e') in 0.186584 seconds 
========================================================================
Received Import Request.
  Time since last request: 29.481384 seconds.
  path: Assets/Art/ButterflyBody.png
  artifactKey: Guid(2feda708c310d984eb043702a5f842aa) Importer(815301076,1909f56bfc062723c751e8b465ee728b)
Start importing Assets/Art/ButterflyBody.png using Guid(2feda708c310d984eb043702a5f842aa) Importer(815301076,1909f56bfc062723c751e8b465ee728b)  -> (artifact id: 'a4150fbdd6a285d6bf9a07041dd15c5c') in 0.257460 seconds 
========================================================================
Received Import Request.
  Time since last request: 7.613606 seconds.
  path: Assets/Art/ButterflyLowerWing.png
  artifactKey: Guid(e76d87ad22bc9694d994da18af58d7ed) Importer(815301076,1909f56bfc062723c751e8b465ee728b)
Start importing Assets/Art/ButterflyLowerWing.png using Guid(e76d87ad22bc9694d994da18af58d7ed) Importer(815301076,1909f56bfc062723c751e8b465ee728b)  -> (artifact id: '82dc05ad6adb25c2704178582ad027fc') in 0.289821 seconds 
========================================================================
Received Import Request.
  Time since last request: 295.566800 seconds.
  path: Assets/Data/Prefabs/Life Forms/LF_Butterfly.prefab
  artifactKey: Guid(e1d785e3d54e18d408092ea9104aeb9b) Importer(815301076,1909f56bfc062723c751e8b465ee728b)
Start importing Assets/Data/Prefabs/Life Forms/LF_Butterfly.prefab using Guid(e1d785e3d54e18d408092ea9104aeb9b) Importer(815301076,1909f56bfc062723c751e8b465ee728b) Updating Ecosystem for Has Prey
UnityEngine.StackTraceUtility:ExtractStackTrace ()
UnityEngine.DebugLogHandler:LogFormat (UnityEngine.LogType,UnityEngine.Object,string,object[])
UnityEngine.Logger:Log (UnityEngine.LogType,object)
UnityEngine.Debug:Log (object)
Species:UpdateConnectedEcosystem () (at Assets/Scripts/Bug Scripts/Species.cs:52)
Species:OnValidate () (at Assets/Scripts/Bug Scripts/Species.cs:43)

(Filename: Assets/Scripts/Bug Scripts/Species.cs Line: 52)

Updating Ecosystem for Has Predator
UnityEngine.StackTraceUtility:ExtractStackTrace ()
UnityEngine.DebugLogHandler:LogFormat (UnityEngine.LogType,UnityEngine.Object,string,object[])
UnityEngine.Logger:Log (UnityEngine.LogType,object)
UnityEngine.Debug:Log (object)
Species:UpdateConnectedEcosystem () (at Assets/Scripts/Bug Scripts/Species.cs:52)
Species:OnValidate () (at Assets/Scripts/Bug Scripts/Species.cs:43)

(Filename: Assets/Scripts/Bug Scripts/Species.cs Line: 52)

Updating Ecosystem for Has Predator 2
UnityEngine.StackTraceUtility:ExtractStackTrace ()
UnityEngine.DebugLogHandler:LogFormat (UnityEngine.LogType,UnityEngine.Object,string,object[])
UnityEngine.Logger:Log (UnityEngine.LogType,object)
UnityEngine.Debug:Log (object)
Species:UpdateConnectedEcosystem () (at Assets/Scripts/Bug Scripts/Species.cs:52)
Species:OnValidate () (at Assets/Scripts/Bug Scripts/Species.cs:43)

(Filename: Assets/Scripts/Bug Scripts/Species.cs Line: 52)

 -> (artifact id: '646a571cce06c71a4153598b873b7c0b') in 0.025480 seconds 
========================================================================
Received Import Request.
  Time since last request: 24.816525 seconds.
  path: Assets/Art/Art.controller
  artifactKey: Guid(0b2d3a76a03ebb742912d73f781b5f93) Importer(815301076,1909f56bfc062723c751e8b465ee728b)
Start importing Assets/Art/Art.controller using Guid(0b2d3a76a03ebb742912d73f781b5f93) Importer(815301076,1909f56bfc062723c751e8b465ee728b)  -> (artifact id: '92a2175ff9ada3b9633ea7d2428533ac') in 0.014911 seconds 
========================================================================
Received Import Request.
  Time since last request: 4.503715 seconds.
  path: Assets/Art/New Animation.anim
  artifactKey: Guid(e81da234897b18648b43c2008da0349f) Importer(815301076,1909f56bfc062723c751e8b465ee728b)
Start importing Assets/Art/New Animation.anim using Guid(e81da234897b18648b43c2008da0349f) Importer(815301076,1909f56bfc062723c751e8b465ee728b)  -> (artifact id: '91b87a338ec9a589b149d1cf7e680511') in 0.013641 seconds 
========================================================================
Received Import Request.
  Time since last request: 666.924749 seconds.
  path: Assets/Data/Prefabs/Life Forms/LF_Butterfly.prefab
  artifactKey: Guid(e1d785e3d54e18d408092ea9104aeb9b) Importer(815301076,1909f56bfc062723c751e8b465ee728b)
Start importing Assets/Data/Prefabs/Life Forms/LF_Butterfly.prefab using Guid(e1d785e3d54e18d408092ea9104aeb9b) Importer(815301076,1909f56bfc062723c751e8b465ee728b) Updating Ecosystem for Has Prey
UnityEngine.StackTraceUtility:ExtractStackTrace ()
UnityEngine.DebugLogHandler:LogFormat (UnityEngine.LogType,UnityEngine.Object,string,object[])
UnityEngine.Logger:Log (UnityEngine.LogType,object)
UnityEngine.Debug:Log (object)
Species:UpdateConnectedEcosystem () (at Assets/Scripts/Bug Scripts/Species.cs:52)
Species:OnValidate () (at Assets/Scripts/Bug Scripts/Species.cs:43)

(Filename: Assets/Scripts/Bug Scripts/Species.cs Line: 52)

Updating Ecosystem for Has Predator
UnityEngine.StackTraceUtility:ExtractStackTrace ()
UnityEngine.DebugLogHandler:LogFormat (UnityEngine.LogType,UnityEngine.Object,string,object[])
UnityEngine.Logger:Log (UnityEngine.LogType,object)
UnityEngine.Debug:Log (object)
Species:UpdateConnectedEcosystem () (at Assets/Scripts/Bug Scripts/Species.cs:52)
Species:OnValidate () (at Assets/Scripts/Bug Scripts/Species.cs:43)

(Filename: Assets/Scripts/Bug Scripts/Species.cs Line: 52)

Updating Ecosystem for Has Predator 2
UnityEngine.StackTraceUtility:ExtractStackTrace ()
UnityEngine.DebugLogHandler:LogFormat (UnityEngine.LogType,UnityEngine.Object,string,object[])
UnityEngine.Logger:Log (UnityEngine.LogType,object)
UnityEngine.Debug:Log (object)
Species:UpdateConnectedEcosystem () (at Assets/Scripts/Bug Scripts/Species.cs:52)
Species:OnValidate () (at Assets/Scripts/Bug Scripts/Species.cs:43)

(Filename: Assets/Scripts/Bug Scripts/Species.cs Line: 52)

 -> (artifact id: 'fff82cdf665a26e22610af8b047dcede') in 0.080309 seconds 
========================================================================
Received Import Request.
  Time since last request: 167.226743 seconds.
  path: ProjectSettings/TagManager.asset
  artifactKey: Guid(00000000000000003000000000000000) Importer(815301076,1909f56bfc062723c751e8b465ee728b)
Start importing ProjectSettings/TagManager.asset using Guid(00000000000000003000000000000000) Importer(815301076,1909f56bfc062723c751e8b465ee728b)  -> (artifact id: 'f9cd1a18a9819a22381bae06cdf98f61') in 0.014065 seconds 
========================================================================
Received Import Request.
  Time since last request: 558.010360 seconds.
  path: Assets/Data/Prefabs/Life Forms/LF_Butterfly.prefab
  artifactKey: Guid(e1d785e3d54e18d408092ea9104aeb9b) Importer(815301076,1909f56bfc062723c751e8b465ee728b)
Start importing Assets/Data/Prefabs/Life Forms/LF_Butterfly.prefab using Guid(e1d785e3d54e18d408092ea9104aeb9b) Importer(815301076,1909f56bfc062723c751e8b465ee728b) Updating Ecosystem for Has Prey
UnityEngine.StackTraceUtility:ExtractStackTrace ()
UnityEngine.DebugLogHandler:LogFormat (UnityEngine.LogType,UnityEngine.Object,string,object[])
UnityEngine.Logger:Log (UnityEngine.LogType,object)
UnityEngine.Debug:Log (object)
Species:UpdateConnectedEcosystem () (at Assets/Scripts/Bug Scripts/Species.cs:52)
Species:OnValidate () (at Assets/Scripts/Bug Scripts/Species.cs:43)

(Filename: Assets/Scripts/Bug Scripts/Species.cs Line: 52)

Updating Ecosystem for Has Predator
UnityEngine.StackTraceUtility:ExtractStackTrace ()
UnityEngine.DebugLogHandler:LogFormat (UnityEngine.LogType,UnityEngine.Object,string,object[])
UnityEngine.Logger:Log (UnityEngine.LogType,object)
UnityEngine.Debug:Log (object)
Species:UpdateConnectedEcosystem () (at Assets/Scripts/Bug Scripts/Species.cs:52)
Species:OnValidate () (at Assets/Scripts/Bug Scripts/Species.cs:43)

(Filename: Assets/Scripts/Bug Scripts/Species.cs Line: 52)

Updating Ecosystem for Has Predator 2
UnityEngine.StackTraceUtility:ExtractStackTrace ()
UnityEngine.DebugLogHandler:LogFormat (UnityEngine.LogType,UnityEngine.Object,string,object[])
UnityEngine.Logger:Log (UnityEngine.LogType,object)
UnityEngine.Debug:Log (object)
Species:UpdateConnectedEcosystem () (at Assets/Scripts/Bug Scripts/Species.cs:52)
Species:OnValidate () (at Assets/Scripts/Bug Scripts/Species.cs:43)

(Filename: Assets/Scripts/Bug Scripts/Species.cs Line: 52)

 -> (artifact id: '4d1f7e62fb5ce70ec8f59517aec207cf') in 0.103003 seconds 
========================================================================
Received Import Request.
  Time since last request: 30.803511 seconds.
  path: Assets/Data/Prefabs/Life Forms/LF_Butterfly.prefab
  artifactKey: Guid(e1d785e3d54e18d408092ea9104aeb9b) Importer(815301076,1909f56bfc062723c751e8b465ee728b)
Start importing Assets/Data/Prefabs/Life Forms/LF_Butterfly.prefab using Guid(e1d785e3d54e18d408092ea9104aeb9b) Importer(815301076,1909f56bfc062723c751e8b465ee728b) Updating Ecosystem for Has Prey
UnityEngine.StackTraceUtility:ExtractStackTrace ()
UnityEngine.DebugLogHandler:LogFormat (UnityEngine.LogType,UnityEngine.Object,string,object[])
UnityEngine.Logger:Log (UnityEngine.LogType,object)
UnityEngine.Debug:Log (object)
Species:UpdateConnectedEcosystem () (at Assets/Scripts/Bug Scripts/Species.cs:52)
Species:OnValidate () (at Assets/Scripts/Bug Scripts/Species.cs:43)

(Filename: Assets/Scripts/Bug Scripts/Species.cs Line: 52)

Updating Ecosystem for Has Predator
UnityEngine.StackTraceUtility:ExtractStackTrace ()
UnityEngine.DebugLogHandler:LogFormat (UnityEngine.LogType,UnityEngine.Object,string,object[])
UnityEngine.Logger:Log (UnityEngine.LogType,object)
UnityEngine.Debug:Log (object)
Species:UpdateConnectedEcosystem () (at Assets/Scripts/Bug Scripts/Species.cs:52)
Species:OnValidate () (at Assets/Scripts/Bug Scripts/Species.cs:43)

(Filename: Assets/Scripts/Bug Scripts/Species.cs Line: 52)

Updating Ecosystem for Has Predator 2
UnityEngine.StackTraceUtility:ExtractStackTrace ()
UnityEngine.DebugLogHandler:LogFormat (UnityEngine.LogType,UnityEngine.Object,string,object[])
UnityEngine.Logger:Log (UnityEngine.LogType,object)
UnityEngine.Debug:Log (object)
Species:UpdateConnectedEcosystem () (at Assets/Scripts/Bug Scripts/Species.cs:52)
Species:OnValidate () (at Assets/Scripts/Bug Scripts/Species.cs:43)

(Filename: Assets/Scripts/Bug Scripts/Species.cs Line: 52)

 -> (artifact id: 'f2479355e19125a864a48f8e756136d0') in 0.131161 seconds 
========================================================================
Received Import Request.
  Time since last request: 1.037537 seconds.
  path: Assets/Data/Prefabs/Life Forms/LF_Butterfly.prefab
  artifactKey: Guid(e1d785e3d54e18d408092ea9104aeb9b) Importer(815301076,1909f56bfc062723c751e8b465ee728b)
Start importing Assets/Data/Prefabs/Life Forms/LF_Butterfly.prefab using Guid(e1d785e3d54e18d408092ea9104aeb9b) Importer(815301076,1909f56bfc062723c751e8b465ee728b) Updating Ecosystem for Has Prey
UnityEngine.StackTraceUtility:ExtractStackTrace ()
UnityEngine.DebugLogHandler:LogFormat (UnityEngine.LogType,UnityEngine.Object,string,object[])
UnityEngine.Logger:Log (UnityEngine.LogType,object)
UnityEngine.Debug:Log (object)
Species:UpdateConnectedEcosystem () (at Assets/Scripts/Bug Scripts/Species.cs:52)
Species:OnValidate () (at Assets/Scripts/Bug Scripts/Species.cs:43)

(Filename: Assets/Scripts/Bug Scripts/Species.cs Line: 52)

Updating Ecosystem for Has Predator
UnityEngine.StackTraceUtility:ExtractStackTrace ()
UnityEngine.DebugLogHandler:LogFormat (UnityEngine.LogType,UnityEngine.Object,string,object[])
UnityEngine.Logger:Log (UnityEngine.LogType,object)
UnityEngine.Debug:Log (object)
Species:UpdateConnectedEcosystem () (at Assets/Scripts/Bug Scripts/Species.cs:52)
Species:OnValidate () (at Assets/Scripts/Bug Scripts/Species.cs:43)

(Filename: Assets/Scripts/Bug Scripts/Species.cs Line: 52)

Updating Ecosystem for Has Predator 2
UnityEngine.StackTraceUtility:ExtractStackTrace ()
UnityEngine.DebugLogHandler:LogFormat (UnityEngine.LogType,UnityEngine.Object,string,object[])
UnityEngine.Logger:Log (UnityEngine.LogType,object)
UnityEngine.Debug:Log (object)
Species:UpdateConnectedEcosystem () (at Assets/Scripts/Bug Scripts/Species.cs:52)
Species:OnValidate () (at Assets/Scripts/Bug Scripts/Species.cs:43)

(Filename: Assets/Scripts/Bug Scripts/Species.cs Line: 52)

 -> (artifact id: '56e564880ad917edcd3691139fb7ec4a') in 0.117545 seconds 
========================================================================
Received Import Request.
  Time since last request: 0.795461 seconds.
  path: Assets/Data/Prefabs/Life Forms/LF_Butterfly.prefab
  artifactKey: Guid(e1d785e3d54e18d408092ea9104aeb9b) Importer(815301076,1909f56bfc062723c751e8b465ee728b)
Start importing Assets/Data/Prefabs/Life Forms/LF_Butterfly.prefab using Guid(e1d785e3d54e18d408092ea9104aeb9b) Importer(815301076,1909f56bfc062723c751e8b465ee728b) Updating Ecosystem for Has Prey
UnityEngine.StackTraceUtility:ExtractStackTrace ()
UnityEngine.DebugLogHandler:LogFormat (UnityEngine.LogType,UnityEngine.Object,string,object[])
UnityEngine.Logger:Log (UnityEngine.LogType,object)
UnityEngine.Debug:Log (object)
Species:UpdateConnectedEcosystem () (at Assets/Scripts/Bug Scripts/Species.cs:52)
Species:OnValidate () (at Assets/Scripts/Bug Scripts/Species.cs:43)

(Filename: Assets/Scripts/Bug Scripts/Species.cs Line: 52)

Updating Ecosystem for Has Predator
UnityEngine.StackTraceUtility:ExtractStackTrace ()
UnityEngine.DebugLogHandler:LogFormat (UnityEngine.LogType,UnityEngine.Object,string,object[])
UnityEngine.Logger:Log (UnityEngine.LogType,object)
UnityEngine.Debug:Log (object)
Species:UpdateConnectedEcosystem () (at Assets/Scripts/Bug Scripts/Species.cs:52)
Species:OnValidate () (at Assets/Scripts/Bug Scripts/Species.cs:43)

(Filename: Assets/Scripts/Bug Scripts/Species.cs Line: 52)

Updating Ecosystem for Has Predator 2
UnityEngine.StackTraceUtility:ExtractStackTrace ()
UnityEngine.DebugLogHandler:LogFormat (UnityEngine.LogType,UnityEngine.Object,string,object[])
UnityEngine.Logger:Log (UnityEngine.LogType,object)
UnityEngine.Debug:Log (object)
Species:UpdateConnectedEcosystem () (at Assets/Scripts/Bug Scripts/Species.cs:52)
Species:OnValidate () (at Assets/Scripts/Bug Scripts/Species.cs:43)

(Filename: Assets/Scripts/Bug Scripts/Species.cs Line: 52)

 -> (artifact id: 'bd910c46c7634e66021937599550a7cb') in 0.109301 seconds 
