Using pre-set license
Built from '2021.3/evg/staging/82bb020e-b03b1330/draft-0' branch; Version is '2021.3.16f1 (4016570cf34f) revision 4200023'; Using compiler version '192829333'; Build Type 'Release'
OS: 'Windows 11  (10.0.22635) 64bit Core' Language: 'en' Physical Memory: 32677 MB
BatchMode: 1, IsHumanControllingUs: 0, StartBugReporterOnCrash: 0, Is64bit: 1, IsPro: 1

COMMAND LINE ARGUMENTS:
C:\Program Files\Unity\Hub\Editor\2021.3.16f1\Editor\Unity.exe
-adb2
-batchMode
-noUpm
-name
AssetImportWorker4
-projectPath
C:/Users/scott/code/school/buggy/Buggy Game
-logFile
Logs/AssetImportWorker4.log
-srvPort
52049
Successfully changed project path to: C:/Users/scott/code/school/buggy/Buggy Game
C:/Users/scott/code/school/buggy/Buggy Game
[UnityMemory] Configuration Parameters - Can be set up in boot.config
    "memorysetup-bucket-allocator-granularity=16"
    "memorysetup-bucket-allocator-bucket-count=8"
    "memorysetup-bucket-allocator-block-size=33554432"
    "memorysetup-bucket-allocator-block-count=8"
    "memorysetup-main-allocator-block-size=16777216"
    "memorysetup-thread-allocator-block-size=16777216"
    "memorysetup-gfx-main-allocator-block-size=16777216"
    "memorysetup-gfx-thread-allocator-block-size=16777216"
    "memorysetup-cache-allocator-block-size=4194304"
    "memorysetup-typetree-allocator-block-size=2097152"
    "memorysetup-profiler-bucket-allocator-granularity=16"
    "memorysetup-profiler-bucket-allocator-bucket-count=8"
    "memorysetup-profiler-bucket-allocator-block-size=33554432"
    "memorysetup-profiler-bucket-allocator-block-count=8"
    "memorysetup-profiler-allocator-block-size=16777216"
    "memorysetup-profiler-editor-allocator-block-size=1048576"
    "memorysetup-temp-allocator-size-main=16777216"
    "memorysetup-job-temp-allocator-block-size=2097152"
    "memorysetup-job-temp-allocator-block-size-background=1048576"
    "memorysetup-job-temp-allocator-reduction-small-platforms=262144"
    "memorysetup-temp-allocator-size-background-worker=32768"
    "memorysetup-temp-allocator-size-job-worker=262144"
    "memorysetup-temp-allocator-size-preload-manager=33554432"
    "memorysetup-temp-allocator-size-nav-mesh-worker=65536"
    "memorysetup-temp-allocator-size-audio-worker=65536"
    "memorysetup-temp-allocator-size-cloud-worker=32768"
    "memorysetup-temp-allocator-size-gi-baking-worker=262144"
    "memorysetup-temp-allocator-size-gfx=262144"
Player connection [44708] Host "[IP] 10.60.152.140 [Port] 0 [Flags] 2 [Guid] 1500129478 [EditorId] 1500129478 [Version] 1048832 [Id] WindowsEditor(7,DESKTOP-IG2504N) [Debug] 1 [PackageName] WindowsEditor [ProjectName] Editor" joined multi-casting on [225.0.0.222:54997]...

Player connection [44708] Host "[IP] 10.60.152.140 [Port] 0 [Flags] 2 [Guid] 1500129478 [EditorId] 1500129478 [Version] 1048832 [Id] WindowsEditor(7,DESKTOP-IG2504N) [Debug] 1 [PackageName] WindowsEditor [ProjectName] Editor" joined alternative multi-casting on [225.0.0.222:34997]...

Refreshing native plugins compatible for Editor in 144.56 ms, found 1 plugins.
Preloading 0 native plugins for Editor in 0.00 ms.
Initialize engine version: 2021.3.16f1 (4016570cf34f)
[Subsystems] Discovering subsystems at path C:/Program Files/Unity/Hub/Editor/2021.3.16f1/Editor/Data/Resources/UnitySubsystems
[Subsystems] Discovering subsystems at path C:/Users/scott/code/school/buggy/Buggy Game/Assets
GfxDevice: creating device client; threaded=0; jobified=0
Direct3D:
    Version:  Direct3D 11.0 [level 11.1]
    Renderer: NVIDIA GeForce RTX 2080 SUPER (ID=0x1e81)
    Vendor:   NVIDIA
    VRAM:     8002 MB
    Driver:   31.0.15.4592
Initialize mono
Mono path[0] = 'C:/Program Files/Unity/Hub/Editor/2021.3.16f1/Editor/Data/Managed'
Mono path[1] = 'C:/Program Files/Unity/Hub/Editor/2021.3.16f1/Editor/Data/MonoBleedingEdge/lib/mono/unityjit-win32'
Mono config path = 'C:/Program Files/Unity/Hub/Editor/2021.3.16f1/Editor/Data/MonoBleedingEdge/etc'
Using monoOptions --debugger-agent=transport=dt_socket,embedding=1,server=y,suspend=n,address=127.0.0.1:56512
Begin MonoManager ReloadAssembly
Registering precompiled unity dll's ...
Register platform support module: C:/Program Files/Unity/Hub/Editor/2021.3.16f1/Editor/Data/PlaybackEngines/WebGLSupport/UnityEditor.WebGL.Extensions.dll
Register platform support module: C:/Program Files/Unity/Hub/Editor/2021.3.16f1/Editor/Data/PlaybackEngines/MacStandaloneSupport/UnityEditor.OSXStandalone.Extensions.dll
Register platform support module: C:/Program Files/Unity/Hub/Editor/2021.3.16f1/Editor/Data/PlaybackEngines/AndroidPlayer/UnityEditor.Android.Extensions.dll
Register platform support module: C:/Program Files/Unity/Hub/Editor/2021.3.16f1/Editor/Data/PlaybackEngines/iOSSupport/UnityEditor.iOS.Extensions.dll
Register platform support module: C:/Program Files/Unity/Hub/Editor/2021.3.16f1/Editor/Data/PlaybackEngines/WindowsStandaloneSupport/UnityEditor.WindowsStandalone.Extensions.dll
Register platform support module: C:/Program Files/Unity/Hub/Editor/2021.3.16f1/Editor/Data/PlaybackEngines/LinuxStandaloneSupport/UnityEditor.LinuxStandalone.Extensions.dll
Register platform support module: C:/Program Files/Unity/Hub/Editor/2021.3.16f1/Editor/Data/PlaybackEngines/MetroSupport/UnityEditor.UWP.Extensions.dll
Registered in 0.016559 seconds.
Native extension for UWP target not found
Native extension for LinuxStandalone target not found
Native extension for WindowsStandalone target not found
[usbmuxd] Start listen thread
[usbmuxd] Listen thread started
[usbmuxd] Send listen message
Native extension for iOS target not found
Native extension for Android target not found
Native extension for OSXStandalone target not found
Native extension for WebGL target not found
Refreshing native plugins compatible for Editor in 188.21 ms, found 1 plugins.
Preloading 0 native plugins for Editor in 0.00 ms.
Mono: successfully reloaded assembly
- Completed reload, in  0.976 seconds
Domain Reload Profiling:
	ReloadAssembly (977ms)
		BeginReloadAssembly (96ms)
			ExecutionOrderSort (0ms)
			DisableScriptedObjects (0ms)
			BackupInstance (0ms)
			ReleaseScriptingObjects (0ms)
			CreateAndSetChildDomain (1ms)
		EndReloadAssembly (719ms)
			LoadAssemblies (95ms)
			RebuildTransferFunctionScriptingTraits (0ms)
			SetupTypeCache (167ms)
			ReleaseScriptCaches (0ms)
			RebuildScriptCaches (38ms)
			SetupLoadedEditorAssemblies (440ms)
				LogAssemblyErrors (0ms)
				InitializePlatformSupportModulesInManaged (97ms)
				SetLoadedEditorAssemblies (0ms)
				RefreshPlugins (188ms)
				BeforeProcessingInitializeOnLoad (1ms)
				ProcessInitializeOnLoadAttributes (103ms)
				ProcessInitializeOnLoadMethodAttributes (50ms)
				AfterProcessingInitializeOnLoad (0ms)
				EditorAssembliesLoaded (0ms)
			ExecutionOrderSort2 (0ms)
			AwakeInstancesAfterBackupRestoration (0ms)
Platform modules already initialized, skipping
Registering precompiled user dll's ...
Registered in 0.004994 seconds.
Begin MonoManager ReloadAssembly
Native extension for UWP target not found
Native extension for LinuxStandalone target not found
Native extension for WindowsStandalone target not found
Native extension for iOS target not found
Native extension for Android target not found
Native extension for OSXStandalone target not found
Native extension for WebGL target not found
Refreshing native plugins compatible for Editor in 124.16 ms, found 1 plugins.
Preloading 0 native plugins for Editor in 0.00 ms.
Mono: successfully reloaded assembly
- Completed reload, in  1.438 seconds
Domain Reload Profiling:
	ReloadAssembly (1440ms)
		BeginReloadAssembly (224ms)
			ExecutionOrderSort (0ms)
			DisableScriptedObjects (5ms)
			BackupInstance (0ms)
			ReleaseScriptingObjects (0ms)
			CreateAndSetChildDomain (131ms)
		EndReloadAssembly (1114ms)
			LoadAssemblies (79ms)
			RebuildTransferFunctionScriptingTraits (0ms)
			SetupTypeCache (233ms)
			ReleaseScriptCaches (1ms)
			RebuildScriptCaches (76ms)
			SetupLoadedEditorAssemblies (687ms)
				LogAssemblyErrors (0ms)
				InitializePlatformSupportModulesInManaged (27ms)
				SetLoadedEditorAssemblies (0ms)
				RefreshPlugins (124ms)
				BeforeProcessingInitializeOnLoad (113ms)
				ProcessInitializeOnLoadAttributes (257ms)
				ProcessInitializeOnLoadMethodAttributes (157ms)
				AfterProcessingInitializeOnLoad (8ms)
				EditorAssembliesLoaded (0ms)
			ExecutionOrderSort2 (0ms)
			AwakeInstancesAfterBackupRestoration (6ms)
Platform modules already initialized, skipping
========================================================================
Worker process is ready to serve import requests
Launched and connected shader compiler UnityShaderCompiler.exe after 0.05 seconds
Refreshing native plugins compatible for Editor in 1.02 ms, found 1 plugins.
Preloading 0 native plugins for Editor in 0.00 ms.
Unloading 6144 Unused Serialized files (Serialized files now loaded: 0)
Unloading 66 unused Assets / (5.0 MB). Loaded Objects now: 6607.
Memory consumption went from 291.2 MB to 286.2 MB.
Total: 5.101000 ms (FindLiveObjects: 0.631700 ms CreateObjectMapping: 0.170000 ms MarkObjects: 3.218200 ms  DeleteObjects: 1.079500 ms)

AssetImportParameters requested are different than current active one (requested -> active):
  custom:video-decoder-ogg-theora: a1e56fd34408186e4bbccfd4996cb3dc -> 
  custom:container-muxer-webm: aa71ff27fc2769a1b78a27578f13a17b -> 
  custom:container-demuxer-webm: 4f35f7cbe854078d1ac9338744f61a02 -> 
  custom:video-encoder-webm-vp8: eb34c28f22e8b96e1ab97ce403110664 -> 
  custom:audio-encoder-webm-vorbis: bf7c407c2cedff20999df2af8eb42d56 -> 
  custom:framework-win-MediaFoundation: 216162199b28c13a410421893ffa2e32 -> 
  custom:container-demuxer-ogg: 62fdf1f143b41e24485cea50d1cbac27 -> 
  custom:video-decoder-webm-vp8: 9c59270c3fd7afecdb556c50c9e8de78 -> 
  custom:audio-decoder-ogg-vorbis: bf7c407c2cedff20999df2af8eb42d56 -> 
========================================================================
Received Import Request.
  Time since last request: 321953.219207 seconds.
  path: Assets/Materials
  artifactKey: Guid(6cb93dabbdaa19545a6c67f44e3a43af) Importer(815301076,1909f56bfc062723c751e8b465ee728b)
Start importing Assets/Materials using Guid(6cb93dabbdaa19545a6c67f44e3a43af) Importer(815301076,1909f56bfc062723c751e8b465ee728b)  -> (artifact id: '51832542efd2a216ff96a7ca0b2f9488') in 0.018364 seconds 
========================================================================
Received Import Request.
  Time since last request: 214.081848 seconds.
  path: Assets/Materials/NewSurfaceShader.shader
  artifactKey: Guid(f1002452455cf3d4da5b3bf0fa01b13a) Importer(815301076,1909f56bfc062723c751e8b465ee728b)
Start importing Assets/Materials/NewSurfaceShader.shader using Guid(f1002452455cf3d4da5b3bf0fa01b13a) Importer(815301076,1909f56bfc062723c751e8b465ee728b)  -> (artifact id: '7ecad332062d2454bc08a943fa81e90c') in 0.027946 seconds 
========================================================================
Received Import Request.
  Time since last request: 65.147521 seconds.
  path: Assets/Materials/NewSurfaceShader.shader
  artifactKey: Guid(f1002452455cf3d4da5b3bf0fa01b13a) Importer(815301076,1909f56bfc062723c751e8b465ee728b)
Start importing Assets/Materials/NewSurfaceShader.shader using Guid(f1002452455cf3d4da5b3bf0fa01b13a) Importer(815301076,1909f56bfc062723c751e8b465ee728b)  -> (artifact id: '744f9f30b17b4700823898fcbc8bfbd7') in 0.002841 seconds 
========================================================================
Received Import Request.
  Time since last request: 16.380890 seconds.
  path: Assets/Materials/AutodeskInteractive.shader
  artifactKey: Guid(f1002452455cf3d4da5b3bf0fa01b13a) Importer(815301076,1909f56bfc062723c751e8b465ee728b)
Start importing Assets/Materials/AutodeskInteractive.shader using Guid(f1002452455cf3d4da5b3bf0fa01b13a) Importer(815301076,1909f56bfc062723c751e8b465ee728b)  -> (artifact id: 'c16000149e852441ffcf2ff001c7ee49') in 0.008334 seconds 
========================================================================
Received Import Request.
  Time since last request: 99.961997 seconds.
  path: Assets/Materials/AutodeskInteractive.shader
  artifactKey: Guid(f1002452455cf3d4da5b3bf0fa01b13a) Importer(815301076,1909f56bfc062723c751e8b465ee728b)
Start importing Assets/Materials/AutodeskInteractive.shader using Guid(f1002452455cf3d4da5b3bf0fa01b13a) Importer(815301076,1909f56bfc062723c751e8b465ee728b)  -> (artifact id: '4a39151345f2c69927d4ef46914bf647') in 0.003091 seconds 
========================================================================
Received Import Request.
  Time since last request: 250.084903 seconds.
  path: Assets/Textures/Bugopedia/AntPage.jpg
  artifactKey: Guid(f71cd62b8574e6347bff354ea977ab26) Importer(815301076,1909f56bfc062723c751e8b465ee728b)
Start importing Assets/Textures/Bugopedia/AntPage.jpg using Guid(f71cd62b8574e6347bff354ea977ab26) Importer(815301076,1909f56bfc062723c751e8b465ee728b)  -> (artifact id: '36a6c83aa23a9ec266b086c7672b88f9') in 0.185894 seconds 
========================================================================
Received Import Request.
  Time since last request: 0.000039 seconds.
  path: Assets/Textures/Bugopedia/WormPage.jpg
  artifactKey: Guid(08baf177c7cabdc48b14c1ccaccf79af) Importer(815301076,1909f56bfc062723c751e8b465ee728b)
Start importing Assets/Textures/Bugopedia/WormPage.jpg using Guid(08baf177c7cabdc48b14c1ccaccf79af) Importer(815301076,1909f56bfc062723c751e8b465ee728b)  -> (artifact id: '17d03647f90888d8bd970b497274f9c9') in 0.019598 seconds 
========================================================================
Received Import Request.
  Time since last request: 0.000046 seconds.
  path: Assets/Textures/Bugopedia/SpiderPage.jpg
  artifactKey: Guid(9bffbfd7601a1124a8eb6b4249ffa633) Importer(815301076,1909f56bfc062723c751e8b465ee728b)
Start importing Assets/Textures/Bugopedia/SpiderPage.jpg using Guid(9bffbfd7601a1124a8eb6b4249ffa633) Importer(815301076,1909f56bfc062723c751e8b465ee728b)  -> (artifact id: '8edc5633523ba10057a3fb2535cd1f0e') in 0.020245 seconds 
========================================================================
Received Import Request.
  Time since last request: 0.000024 seconds.
  path: Assets/Textures/Bugopedia/ButterflyPage.jpg
  artifactKey: Guid(47777c2776d9cf842b8e57e2cd2a1714) Importer(815301076,1909f56bfc062723c751e8b465ee728b)
Start importing Assets/Textures/Bugopedia/ButterflyPage.jpg using Guid(47777c2776d9cf842b8e57e2cd2a1714) Importer(815301076,1909f56bfc062723c751e8b465ee728b)  -> (artifact id: 'fd0c1d3a8996976a077a80b7dddd7736') in 0.013556 seconds 
========================================================================
Received Import Request.
  Time since last request: 0.639367 seconds.
  path: Assets/Textures/AntSticker.PNG
  artifactKey: Guid(9c9816333b0c04aac814d26e9110689b) Importer(815301076,1909f56bfc062723c751e8b465ee728b)
Start importing Assets/Textures/AntSticker.PNG using Guid(9c9816333b0c04aac814d26e9110689b) Importer(815301076,1909f56bfc062723c751e8b465ee728b)  -> (artifact id: 'f1b9b7cf0444c675c7610b2a3a7a7821') in 0.018239 seconds 
========================================================================
Received Import Request.
  Time since last request: 0.000026 seconds.
  path: Assets/Textures/SpiderSticker.PNG
  artifactKey: Guid(6a2c845d0824645ae909337929703b8d) Importer(815301076,1909f56bfc062723c751e8b465ee728b)
Start importing Assets/Textures/SpiderSticker.PNG using Guid(6a2c845d0824645ae909337929703b8d) Importer(815301076,1909f56bfc062723c751e8b465ee728b)  -> (artifact id: 'b4ec6540c12d01b97b46d2ea94028ba1') in 0.013820 seconds 
========================================================================
Received Import Request.
  Time since last request: 0.000029 seconds.
  path: Assets/Textures/wood floor.jpg
  artifactKey: Guid(f569ae0692663ce4b9c04d5f395f1074) Importer(815301076,1909f56bfc062723c751e8b465ee728b)
Start importing Assets/Textures/wood floor.jpg using Guid(f569ae0692663ce4b9c04d5f395f1074) Importer(815301076,1909f56bfc062723c751e8b465ee728b)  -> (artifact id: 'beaaa699237a834915866db799cf2514') in 0.015988 seconds 
========================================================================
Received Import Request.
  Time since last request: 0.000025 seconds.
  path: Assets/Textures/StickbugSticker.PNG
  artifactKey: Guid(00da2d06b504e431aa76ec329105dd3a) Importer(815301076,1909f56bfc062723c751e8b465ee728b)
Start importing Assets/Textures/StickbugSticker.PNG using Guid(00da2d06b504e431aa76ec329105dd3a) Importer(815301076,1909f56bfc062723c751e8b465ee728b)  -> (artifact id: '606861647a8d5da499e6fa72b2c5e366') in 0.018873 seconds 
========================================================================
Received Import Request.
  Time since last request: 0.000024 seconds.
  path: Assets/Textures/WormSticker.PNG
  artifactKey: Guid(ee6fa23a8c5c143cd9204c67cdf56061) Importer(815301076,1909f56bfc062723c751e8b465ee728b)
Start importing Assets/Textures/WormSticker.PNG using Guid(ee6fa23a8c5c143cd9204c67cdf56061) Importer(815301076,1909f56bfc062723c751e8b465ee728b)  -> (artifact id: '2dd68c787df69afc9b15181af9227852') in 0.216466 seconds 
========================================================================
Received Import Request.
  Time since last request: 0.000025 seconds.
  path: Assets/Textures/BeeSticker.PNG
  artifactKey: Guid(0336fdc1f5c3b43b7b4cb4716c5dd9df) Importer(815301076,1909f56bfc062723c751e8b465ee728b)
Start importing Assets/Textures/BeeSticker.PNG using Guid(0336fdc1f5c3b43b7b4cb4716c5dd9df) Importer(815301076,1909f56bfc062723c751e8b465ee728b)  -> (artifact id: 'e2bae06a9ef21977201309c9c667842f') in 0.178028 seconds 
========================================================================
Received Import Request.
  Time since last request: 0.000033 seconds.
  path: Assets/Textures/ButterflySticker.PNG
  artifactKey: Guid(c6888a0faccdc468aba099857953b317) Importer(815301076,1909f56bfc062723c751e8b465ee728b)
Start importing Assets/Textures/ButterflySticker.PNG using Guid(c6888a0faccdc468aba099857953b317) Importer(815301076,1909f56bfc062723c751e8b465ee728b)  -> (artifact id: '9d0b5bb900fbd095d3e94fb2602315b4') in 0.015647 seconds 
Editor requested this worker to shutdown with reason: Scaling down because of idle timeout
AssetImportWorker is now disconnected from the server
Process exiting
Exiting without the bug reporter. Application will terminate with return code 0