Using pre-set license
Built from '2021.3/evg/staging/82bb020e-b03b1330/draft-0' branch; Version is '2021.3.16f1 (4016570cf34f) revision 4200023'; Using compiler version '192829333'; Build Type 'Release'
OS: 'Windows 11  (10.0.22635) 64bit Core' Language: 'en' Physical Memory: 32677 MB
BatchMode: 1, IsHumanControllingUs: 0, StartBugReporterOnCrash: 0, Is64bit: 1, IsPro: 1

COMMAND LINE ARGUMENTS:
C:\Program Files\Unity\Hub\Editor\2021.3.16f1\Editor\Unity.exe
-adb2
-batchMode
-noUpm
-name
AssetImportWorker9
-projectPath
C:/Users/scott/code/school/buggy/Buggy Game
-logFile
Logs/AssetImportWorker9.log
-srvPort
52049
Successfully changed project path to: C:/Users/scott/code/school/buggy/Buggy Game
C:/Users/scott/code/school/buggy/Buggy Game
[UnityMemory] Configuration Parameters - Can be set up in boot.config
    "memorysetup-bucket-allocator-granularity=16"
    "memorysetup-bucket-allocator-bucket-count=8"
    "memorysetup-bucket-allocator-block-size=33554432"
    "memorysetup-bucket-allocator-block-count=8"
    "memorysetup-main-allocator-block-size=16777216"
    "memorysetup-thread-allocator-block-size=16777216"
    "memorysetup-gfx-main-allocator-block-size=16777216"
    "memorysetup-gfx-thread-allocator-block-size=16777216"
    "memorysetup-cache-allocator-block-size=4194304"
    "memorysetup-typetree-allocator-block-size=2097152"
    "memorysetup-profiler-bucket-allocator-granularity=16"
    "memorysetup-profiler-bucket-allocator-bucket-count=8"
    "memorysetup-profiler-bucket-allocator-block-size=33554432"
    "memorysetup-profiler-bucket-allocator-block-count=8"
    "memorysetup-profiler-allocator-block-size=16777216"
    "memorysetup-profiler-editor-allocator-block-size=1048576"
    "memorysetup-temp-allocator-size-main=16777216"
    "memorysetup-job-temp-allocator-block-size=2097152"
    "memorysetup-job-temp-allocator-block-size-background=1048576"
    "memorysetup-job-temp-allocator-reduction-small-platforms=262144"
    "memorysetup-temp-allocator-size-background-worker=32768"
    "memorysetup-temp-allocator-size-job-worker=262144"
    "memorysetup-temp-allocator-size-preload-manager=33554432"
    "memorysetup-temp-allocator-size-nav-mesh-worker=65536"
    "memorysetup-temp-allocator-size-audio-worker=65536"
    "memorysetup-temp-allocator-size-cloud-worker=32768"
    "memorysetup-temp-allocator-size-gi-baking-worker=262144"
    "memorysetup-temp-allocator-size-gfx=262144"
Player connection [50016] Host "[IP] 10.60.152.140 [Port] 0 [Flags] 2 [Guid] 2850454894 [EditorId] 2850454894 [Version] 1048832 [Id] WindowsEditor(7,DESKTOP-IG2504N) [Debug] 1 [PackageName] WindowsEditor [ProjectName] Editor" joined multi-casting on [225.0.0.222:54997]...

Player connection [50016] Host "[IP] 10.60.152.140 [Port] 0 [Flags] 2 [Guid] 2850454894 [EditorId] 2850454894 [Version] 1048832 [Id] WindowsEditor(7,DESKTOP-IG2504N) [Debug] 1 [PackageName] WindowsEditor [ProjectName] Editor" joined alternative multi-casting on [225.0.0.222:34997]...

Refreshing native plugins compatible for Editor in 160.13 ms, found 1 plugins.
Preloading 0 native plugins for Editor in 0.00 ms.
Initialize engine version: 2021.3.16f1 (4016570cf34f)
[Subsystems] Discovering subsystems at path C:/Program Files/Unity/Hub/Editor/2021.3.16f1/Editor/Data/Resources/UnitySubsystems
[Subsystems] Discovering subsystems at path C:/Users/scott/code/school/buggy/Buggy Game/Assets
GfxDevice: creating device client; threaded=0; jobified=0
Direct3D:
    Version:  Direct3D 11.0 [level 11.1]
    Renderer: NVIDIA GeForce RTX 2080 SUPER (ID=0x1e81)
    Vendor:   NVIDIA
    VRAM:     8002 MB
    Driver:   31.0.15.4592
Initialize mono
Mono path[0] = 'C:/Program Files/Unity/Hub/Editor/2021.3.16f1/Editor/Data/Managed'
Mono path[1] = 'C:/Program Files/Unity/Hub/Editor/2021.3.16f1/Editor/Data/MonoBleedingEdge/lib/mono/unityjit-win32'
Mono config path = 'C:/Program Files/Unity/Hub/Editor/2021.3.16f1/Editor/Data/MonoBleedingEdge/etc'
Using monoOptions --debugger-agent=transport=dt_socket,embedding=1,server=y,suspend=n,address=127.0.0.1:56940
Begin MonoManager ReloadAssembly
Registering precompiled unity dll's ...
Register platform support module: C:/Program Files/Unity/Hub/Editor/2021.3.16f1/Editor/Data/PlaybackEngines/WebGLSupport/UnityEditor.WebGL.Extensions.dll
Register platform support module: C:/Program Files/Unity/Hub/Editor/2021.3.16f1/Editor/Data/PlaybackEngines/MacStandaloneSupport/UnityEditor.OSXStandalone.Extensions.dll
Register platform support module: C:/Program Files/Unity/Hub/Editor/2021.3.16f1/Editor/Data/PlaybackEngines/AndroidPlayer/UnityEditor.Android.Extensions.dll
Register platform support module: C:/Program Files/Unity/Hub/Editor/2021.3.16f1/Editor/Data/PlaybackEngines/iOSSupport/UnityEditor.iOS.Extensions.dll
Register platform support module: C:/Program Files/Unity/Hub/Editor/2021.3.16f1/Editor/Data/PlaybackEngines/WindowsStandaloneSupport/UnityEditor.WindowsStandalone.Extensions.dll
Register platform support module: C:/Program Files/Unity/Hub/Editor/2021.3.16f1/Editor/Data/PlaybackEngines/LinuxStandaloneSupport/UnityEditor.LinuxStandalone.Extensions.dll
Register platform support module: C:/Program Files/Unity/Hub/Editor/2021.3.16f1/Editor/Data/PlaybackEngines/MetroSupport/UnityEditor.UWP.Extensions.dll
Registered in 0.039241 seconds.
Native extension for UWP target not found
Native extension for LinuxStandalone target not found
Native extension for WindowsStandalone target not found
[usbmuxd] Start listen thread
Native extension for iOS target not found
[usbmuxd] Listen thread started
[usbmuxd] Send listen message
Native extension for Android target not found
Native extension for OSXStandalone target not found
Native extension for WebGL target not found
Refreshing native plugins compatible for Editor in 203.32 ms, found 1 plugins.
Preloading 0 native plugins for Editor in 0.00 ms.
Mono: successfully reloaded assembly
- Completed reload, in  1.142 seconds
Domain Reload Profiling:
	ReloadAssembly (1143ms)
		BeginReloadAssembly (132ms)
			ExecutionOrderSort (0ms)
			DisableScriptedObjects (0ms)
			BackupInstance (0ms)
			ReleaseScriptingObjects (0ms)
			CreateAndSetChildDomain (1ms)
		EndReloadAssembly (753ms)
			LoadAssemblies (130ms)
			RebuildTransferFunctionScriptingTraits (0ms)
			SetupTypeCache (192ms)
			ReleaseScriptCaches (0ms)
			RebuildScriptCaches (41ms)
			SetupLoadedEditorAssemblies (455ms)
				LogAssemblyErrors (0ms)
				InitializePlatformSupportModulesInManaged (95ms)
				SetLoadedEditorAssemblies (0ms)
				RefreshPlugins (203ms)
				BeforeProcessingInitializeOnLoad (2ms)
				ProcessInitializeOnLoadAttributes (109ms)
				ProcessInitializeOnLoadMethodAttributes (45ms)
				AfterProcessingInitializeOnLoad (0ms)
				EditorAssembliesLoaded (0ms)
			ExecutionOrderSort2 (0ms)
			AwakeInstancesAfterBackupRestoration (0ms)
Platform modules already initialized, skipping
Registering precompiled user dll's ...
Registered in 0.006495 seconds.
Begin MonoManager ReloadAssembly
Native extension for UWP target not found
Native extension for LinuxStandalone target not found
Native extension for WindowsStandalone target not found
Native extension for iOS target not found
Native extension for Android target not found
Native extension for OSXStandalone target not found
Native extension for WebGL target not found
Refreshing native plugins compatible for Editor in 123.47 ms, found 1 plugins.
Preloading 0 native plugins for Editor in 0.00 ms.
Mono: successfully reloaded assembly
- Completed reload, in  1.442 seconds
Domain Reload Profiling:
	ReloadAssembly (1443ms)
		BeginReloadAssembly (214ms)
			ExecutionOrderSort (0ms)
			DisableScriptedObjects (5ms)
			BackupInstance (0ms)
			ReleaseScriptingObjects (0ms)
			CreateAndSetChildDomain (131ms)
		EndReloadAssembly (1125ms)
			LoadAssemblies (76ms)
			RebuildTransferFunctionScriptingTraits (0ms)
			SetupTypeCache (251ms)
			ReleaseScriptCaches (1ms)
			RebuildScriptCaches (72ms)
			SetupLoadedEditorAssemblies (677ms)
				LogAssemblyErrors (0ms)
				InitializePlatformSupportModulesInManaged (26ms)
				SetLoadedEditorAssemblies (0ms)
				RefreshPlugins (124ms)
				BeforeProcessingInitializeOnLoad (109ms)
				ProcessInitializeOnLoadAttributes (251ms)
				ProcessInitializeOnLoadMethodAttributes (158ms)
				AfterProcessingInitializeOnLoad (9ms)
				EditorAssembliesLoaded (0ms)
			ExecutionOrderSort2 (0ms)
			AwakeInstancesAfterBackupRestoration (6ms)
Platform modules already initialized, skipping
========================================================================
Worker process is ready to serve import requests
Launched and connected shader compiler UnityShaderCompiler.exe after 0.06 seconds
Refreshing native plugins compatible for Editor in 1.60 ms, found 1 plugins.
Preloading 0 native plugins for Editor in 0.00 ms.
Unloading 6145 Unused Serialized files (Serialized files now loaded: 0)
Unloading 66 unused Assets / (5.0 MB). Loaded Objects now: 6608.
Memory consumption went from 292.5 MB to 287.5 MB.
Total: 6.620500 ms (FindLiveObjects: 0.774400 ms CreateObjectMapping: 0.246400 ms MarkObjects: 3.869200 ms  DeleteObjects: 1.727900 ms)

AssetImportParameters requested are different than current active one (requested -> active):
  custom:video-decoder-ogg-theora: a1e56fd34408186e4bbccfd4996cb3dc -> 
  custom:container-muxer-webm: aa71ff27fc2769a1b78a27578f13a17b -> 
  custom:container-demuxer-webm: 4f35f7cbe854078d1ac9338744f61a02 -> 
  custom:video-encoder-webm-vp8: eb34c28f22e8b96e1ab97ce403110664 -> 
  custom:audio-encoder-webm-vorbis: bf7c407c2cedff20999df2af8eb42d56 -> 
  custom:framework-win-MediaFoundation: 216162199b28c13a410421893ffa2e32 -> 
  custom:container-demuxer-ogg: 62fdf1f143b41e24485cea50d1cbac27 -> 
  custom:video-decoder-webm-vp8: 9c59270c3fd7afecdb556c50c9e8de78 -> 
  custom:audio-decoder-ogg-vorbis: bf7c407c2cedff20999df2af8eb42d56 -> 
========================================================================
Received Import Request.
  Time since last request: 336059.198037 seconds.
  path: Assets/Models/SmallBallTree.fbx
  artifactKey: Guid(834d6c63baa2aea49a1a5146f9fd7e03) Importer(815301076,1909f56bfc062723c751e8b465ee728b)
Start importing Assets/Models/SmallBallTree.fbx using Guid(834d6c63baa2aea49a1a5146f9fd7e03) Importer(815301076,1909f56bfc062723c751e8b465ee728b)  -> (artifact id: '53f7dddcb5ea284ec3a4cc63adf26886') in 0.742685 seconds 
========================================================================
Received Import Request.
  Time since last request: 143.300350 seconds.
  path: Assets/Prefabs/Bugs/Ant.prefab
  artifactKey: Guid(f0f69f8a076464a09a7cb5886b5ea658) Importer(815301076,1909f56bfc062723c751e8b465ee728b)
Start importing Assets/Prefabs/Bugs/Ant.prefab using Guid(f0f69f8a076464a09a7cb5886b5ea658) Importer(815301076,1909f56bfc062723c751e8b465ee728b)  -> (artifact id: '5ce20dc9807b6788ad740ef6e401a003') in 0.031083 seconds 
========================================================================
Received Import Request.
  Time since last request: 0.000044 seconds.
  path: Assets/Prefabs/Bugs/Bee.prefab
  artifactKey: Guid(e05c56b6b22a643e7bd4e473651efdda) Importer(815301076,1909f56bfc062723c751e8b465ee728b)
Start importing Assets/Prefabs/Bugs/Bee.prefab using Guid(e05c56b6b22a643e7bd4e473651efdda) Importer(815301076,1909f56bfc062723c751e8b465ee728b)  -> (artifact id: '931f94174b05d1db41ab453c5b96550d') in 0.035653 seconds 
========================================================================
Received Import Request.
  Time since last request: 0.000035 seconds.
  path: Assets/Prefabs/Player.prefab
  artifactKey: Guid(30870bd8faf64400e973c56564d6cd39) Importer(815301076,1909f56bfc062723c751e8b465ee728b)
Start importing Assets/Prefabs/Player.prefab using Guid(30870bd8faf64400e973c56564d6cd39) Importer(815301076,1909f56bfc062723c751e8b465ee728b)  -> (artifact id: '2c03f871018024df16c81d9ee894d407') in 0.050025 seconds 
========================================================================
Received Import Request.
  Time since last request: 0.000043 seconds.
  path: Assets/Prefabs/SceneTrigger.prefab
  artifactKey: Guid(485d3fa2b58cf1440b7d8b82f7d9cd52) Importer(815301076,1909f56bfc062723c751e8b465ee728b)
Start importing Assets/Prefabs/SceneTrigger.prefab using Guid(485d3fa2b58cf1440b7d8b82f7d9cd52) Importer(815301076,1909f56bfc062723c751e8b465ee728b)  -> (artifact id: '156abf2cdf4e69f541c26eff32a1f8d7') in 0.010782 seconds 
========================================================================
Received Import Request.
  Time since last request: 0.000043 seconds.
  path: Assets/Prefabs/Bugs/Ladybug.prefab
  artifactKey: Guid(893c0da7a09044eeaae5f70c742ff2d2) Importer(815301076,1909f56bfc062723c751e8b465ee728b)
Start importing Assets/Prefabs/Bugs/Ladybug.prefab using Guid(893c0da7a09044eeaae5f70c742ff2d2) Importer(815301076,1909f56bfc062723c751e8b465ee728b)  -> (artifact id: 'fce1e57ba087cf0fdd61241a18c8f4be') in 0.024576 seconds 
========================================================================
Received Import Request.
  Time since last request: 0.000037 seconds.
  path: Assets/Prefabs/BugNet.prefab
  artifactKey: Guid(d95a2633a8801f84dbb77a82c2c7dd1d) Importer(815301076,1909f56bfc062723c751e8b465ee728b)
Start importing Assets/Prefabs/BugNet.prefab using Guid(d95a2633a8801f84dbb77a82c2c7dd1d) Importer(815301076,1909f56bfc062723c751e8b465ee728b)  -> (artifact id: '260b40daf5d014c2936e8a805b9d8161') in 0.031620 seconds 
========================================================================
Received Import Request.
  Time since last request: 0.000051 seconds.
  path: Assets/Prefabs/Bugs/ButterFly.prefab
  artifactKey: Guid(92350e0e355f84b2fb8e10c2a3beb231) Importer(815301076,1909f56bfc062723c751e8b465ee728b)
Start importing Assets/Prefabs/Bugs/ButterFly.prefab using Guid(92350e0e355f84b2fb8e10c2a3beb231) Importer(815301076,1909f56bfc062723c751e8b465ee728b)  -> (artifact id: '7db1a092a1b36016a451974091b50ff3') in 0.021491 seconds 
========================================================================
Received Import Request.
  Time since last request: 0.000035 seconds.
  path: Assets/Models/Assets/bug net.fbx
  artifactKey: Guid(5ffc94783514745428cd780dd495e10e) Importer(815301076,1909f56bfc062723c751e8b465ee728b)
Start importing Assets/Models/Assets/bug net.fbx using Guid(5ffc94783514745428cd780dd495e10e) Importer(815301076,1909f56bfc062723c751e8b465ee728b)  -> (artifact id: '64de7d8e2778ce21d5d28f82c33e16f8') in 0.056426 seconds 
========================================================================
Received Import Request.
  Time since last request: 0.000036 seconds.
  path: Assets/Prefabs/Bugs/Spider.prefab
  artifactKey: Guid(629bfdce543314d80b1f039109137847) Importer(815301076,1909f56bfc062723c751e8b465ee728b)
Start importing Assets/Prefabs/Bugs/Spider.prefab using Guid(629bfdce543314d80b1f039109137847) Importer(815301076,1909f56bfc062723c751e8b465ee728b)  -> (artifact id: '11c6ebd4f0d06c70a895f10887e9db3e') in 0.025242 seconds 
========================================================================
Received Import Request.
  Time since last request: 0.000035 seconds.
  path: Assets/Data/Prefabs/DayNight/P_DayNight Controller.prefab
  artifactKey: Guid(06d5de19f6c584f0c8f2863171e06099) Importer(815301076,1909f56bfc062723c751e8b465ee728b)
Start importing Assets/Data/Prefabs/DayNight/P_DayNight Controller.prefab using Guid(06d5de19f6c584f0c8f2863171e06099) Importer(815301076,1909f56bfc062723c751e8b465ee728b) Stacktrace for V_IsNight: 
[Frames since start: 0] Got a Current Value of False.

StackTrace:
UnityEngine.StackTraceUtility:ExtractStackTrace ()
UnityEngine.DebugLogHandler:LogFormat (UnityEngine.LogType,UnityEngine.Object,string,object[])
UnityEngine.Logger:Log (UnityEngine.LogType,object,UnityEngine.Object)
UnityEngine.Debug:Log (object,UnityEngine.Object)
GlobalVar`1<bool>:get_CurrentValue () (at Assets/Scripts/GlobalVars/GlobalVar.cs:65)
DayCycleController:UpdateTime () (at Assets/Scripts/DayNightCycle/DayCycleController.cs:80)
DayCycleController:OnValidate () (at Assets/Scripts/DayNightCycle/DayCycleController.cs:62)

(Filename: Assets/Scripts/GlobalVars/GlobalVar.cs Line: 65)

Stacktrace for V_FogColorDay: 
[Frames since start: 0] Got a Current Value of RGBA(0.350, 0.962, 0.950, 1.000).

StackTrace:
UnityEngine.StackTraceUtility:ExtractStackTrace ()
UnityEngine.DebugLogHandler:LogFormat (UnityEngine.LogType,UnityEngine.Object,string,object[])
UnityEngine.Logger:Log (UnityEngine.LogType,object,UnityEngine.Object)
UnityEngine.Debug:Log (object,UnityEngine.Object)
GlobalVar`1<UnityEngine.Color>:get_CurrentValue () (at Assets/Scripts/GlobalVars/GlobalVar.cs:65)
DayCycleController:UpdateTime () (at Assets/Scripts/DayNightCycle/DayCycleController.cs:80)
DayCycleController:OnValidate () (at Assets/Scripts/DayNightCycle/DayCycleController.cs:62)

(Filename: Assets/Scripts/GlobalVars/GlobalVar.cs Line: 65)

Stacktrace for V_OrbitSpeed: 
[Frames since start: 0] Got a Current Value of 0.1.

StackTrace:
UnityEngine.StackTraceUtility:ExtractStackTrace ()
UnityEngine.DebugLogHandler:LogFormat (UnityEngine.LogType,UnityEngine.Object,string,object[])
UnityEngine.Logger:Log (UnityEngine.LogType,object,UnityEngine.Object)
UnityEngine.Debug:Log (object,UnityEngine.Object)
GlobalVar`1<single>:get_CurrentValue () (at Assets/Scripts/GlobalVars/GlobalVar.cs:65)
DayCycleController:UpdateTime () (at Assets/Scripts/DayNightCycle/DayCycleController.cs:84)
DayCycleController:OnValidate () (at Assets/Scripts/DayNightCycle/DayCycleController.cs:62)

(Filename: Assets/Scripts/GlobalVars/GlobalVar.cs Line: 65)

Stacktrace for V_FogColorSpeed: 
[Frames since start: 0] Got a Current Value of 0.

StackTrace:
UnityEngine.StackTraceUtility:ExtractStackTrace ()
UnityEngine.DebugLogHandler:LogFormat (UnityEngine.LogType,UnityEngine.Object,string,object[])
UnityEngine.Logger:Log (UnityEngine.LogType,object,UnityEngine.Object)
UnityEngine.Debug:Log (object,UnityEngine.Object)
GlobalVar`1<single>:get_CurrentValue () (at Assets/Scripts/GlobalVars/GlobalVar.cs:65)
DayCycleController:UpdateTime () (at Assets/Scripts/DayNightCycle/DayCycleController.cs:84)
DayCycleController:OnValidate () (at Assets/Scripts/DayNightCycle/DayCycleController.cs:62)

(Filename: Assets/Scripts/GlobalVars/GlobalVar.cs Line: 65)

Stacktrace for V_IsNight: 
[Frames since start: 0] Got a Current Value of False.

StackTrace:
UnityEngine.StackTraceUtility:ExtractStackTrace ()
UnityEngine.DebugLogHandler:LogFormat (UnityEngine.LogType,UnityEngine.Object,string,object[])
UnityEngine.Logger:Log (UnityEngine.LogType,object,UnityEngine.Object)
UnityEngine.Debug:Log (object,UnityEngine.Object)
GlobalVar`1<bool>:get_CurrentValue () (at Assets/Scripts/GlobalVars/GlobalVar.cs:65)
DayCycleController:CheckNightDayTransition () (at Assets/Scripts/DayNightCycle/DayCycleController.cs:95)
DayCycleController:UpdateTime () (at Assets/Scripts/DayNightCycle/DayCycleController.cs:87)
DayCycleController:OnValidate () (at Assets/Scripts/DayNightCycle/DayCycleController.cs:62)

(Filename: Assets/Scripts/GlobalVars/GlobalVar.cs Line: 65)

Stacktrace for V_IsNight: 
[Frames since start: 0] Current Value is being set to True from False.

StackTrace:
UnityEngine.StackTraceUtility:ExtractStackTrace ()
UnityEngine.DebugLogHandler:LogFormat (UnityEngine.LogType,UnityEngine.Object,string,object[])
UnityEngine.Logger:Log (UnityEngine.LogType,object,UnityEngine.Object)
UnityEngine.Debug:Log (object,UnityEngine.Object)
GlobalVar`1<bool>:set_CurrentValue (bool) (at Assets/Scripts/GlobalVars/GlobalVar.cs:76)
DayCycleController:StartNight () (at Assets/Scripts/DayNightCycle/DayCycleController.cs:126)
DayCycleController:CheckNightDayTransition () (at Assets/Scripts/DayNightCycle/DayCycleController.cs:106)
DayCycleController:UpdateTime () (at Assets/Scripts/DayNightCycle/DayCycleController.cs:87)
DayCycleController:OnValidate () (at Assets/Scripts/DayNightCycle/DayCycleController.cs:62)

(Filename: Assets/Scripts/GlobalVars/GlobalVar.cs Line: 76)

Stacktrace for V_OrbitSpeed: 
[Frames since start: 0] Current value is being reset to an initial value of 0.1.

StackTrace:
UnityEngine.StackTraceUtility:ExtractStackTrace ()
UnityEngine.DebugLogHandler:LogFormat (UnityEngine.LogType,UnityEngine.Object,string,object[])
UnityEngine.Logger:Log (UnityEngine.LogType,object,UnityEngine.Object)
UnityEngine.Debug:Log (object,UnityEngine.Object)
GlobalVar`1<single>:ResetValue () (at Assets/Scripts/GlobalVars/GlobalVar.cs:166)
GlobalVar`1<single>:OnEnable () (at Assets/Scripts/GlobalVars/GlobalVar.cs:152)

(Filename: Assets/Scripts/GlobalVars/GlobalVar.cs Line: 166)

Stacktrace for V_FogColorDay: 
[Frames since start: 0] Current value is being reset to an initial value of RGBA(0.350, 0.962, 0.950, 1.000).

StackTrace:
UnityEngine.StackTraceUtility:ExtractStackTrace ()
UnityEngine.DebugLogHandler:LogFormat (UnityEngine.LogType,UnityEngine.Object,string,object[])
UnityEngine.Logger:Log (UnityEngine.LogType,object,UnityEngine.Object)
UnityEngine.Debug:Log (object,UnityEngine.Object)
GlobalVar`1<UnityEngine.Color>:ResetValue () (at Assets/Scripts/GlobalVars/GlobalVar.cs:166)
GlobalVar`1<UnityEngine.Color>:OnEnable () (at Assets/Scripts/GlobalVars/GlobalVar.cs:152)

(Filename: Assets/Scripts/GlobalVars/GlobalVar.cs Line: 166)

Stacktrace for V_FogColorNight: 
[Frames since start: 0] Current value is being reset to an initial value of RGBA(0.094, 0.161, 0.161, 1.000).

StackTrace:
UnityEngine.StackTraceUtility:ExtractStackTrace ()
UnityEngine.DebugLogHandler:LogFormat (UnityEngine.LogType,UnityEngine.Object,string,object[])
UnityEngine.Logger:Log (UnityEngine.LogType,object,UnityEngine.Object)
UnityEngine.Debug:Log (object,UnityEngine.Object)
GlobalVar`1<UnityEngine.Color>:ResetValue () (at Assets/Scripts/GlobalVars/GlobalVar.cs:166)
GlobalVar`1<UnityEngine.Color>:OnEnable () (at Assets/Scripts/GlobalVars/GlobalVar.cs:152)

(Filename: Assets/Scripts/GlobalVars/GlobalVar.cs Line: 166)

Stacktrace for V_FogColorSpeed: 
[Frames since start: 0] Current value is being reset to an initial value of 1.

StackTrace:
UnityEngine.StackTraceUtility:ExtractStackTrace ()
UnityEngine.DebugLogHandler:LogFormat (UnityEngine.LogType,UnityEngine.Object,string,object[])
UnityEngine.Logger:Log (UnityEngine.LogType,object,UnityEngine.Object)
UnityEngine.Debug:Log (object,UnityEngine.Object)
GlobalVar`1<single>:ResetValue () (at Assets/Scripts/GlobalVars/GlobalVar.cs:166)
GlobalVar`1<single>:OnEnable () (at Assets/Scripts/GlobalVars/GlobalVar.cs:152)

(Filename: Assets/Scripts/GlobalVars/GlobalVar.cs Line: 166)

Stacktrace for V_TimeFreezeKey: 
[Frames since start: 0] Current value is being reset to an initial value of Z.

StackTrace:
UnityEngine.StackTraceUtility:ExtractStackTrace ()
UnityEngine.DebugLogHandler:LogFormat (UnityEngine.LogType,UnityEngine.Object,string,object[])
UnityEngine.Logger:Log (UnityEngine.LogType,object,UnityEngine.Object)
UnityEngine.Debug:Log (object,UnityEngine.Object)
GlobalVar`1<UnityEngine.KeyCode>:ResetValue () (at Assets/Scripts/GlobalVars/GlobalVar.cs:166)
GlobalVar`1<UnityEngine.KeyCode>:OnEnable () (at Assets/Scripts/GlobalVars/GlobalVar.cs:152)

(Filename: Assets/Scripts/GlobalVars/GlobalVar.cs Line: 166)

Stacktrace for V_IsNight: 
[Frames since start: 0] Current value is being reset to an initial value of False.

StackTrace:
UnityEngine.StackTraceUtility:ExtractStackTrace ()
UnityEngine.DebugLogHandler:LogFormat (UnityEngine.LogType,UnityEngine.Object,string,object[])
UnityEngine.Logger:Log (UnityEngine.LogType,object,UnityEngine.Object)
UnityEngine.Debug:Log (object,UnityEngine.Object)
GlobalVar`1<bool>:ResetValue () (at Assets/Scripts/GlobalVars/GlobalVar.cs:166)
GlobalVar`1<bool>:OnEnable () (at Assets/Scripts/GlobalVars/GlobalVar.cs:152)

(Filename: Assets/Scripts/GlobalVars/GlobalVar.cs Line: 166)

Stacktrace for V_TimeFreeze: 
[Frames since start: 0] Current value is being reset to an initial value of False.

StackTrace:
UnityEngine.StackTraceUtility:ExtractStackTrace ()
UnityEngine.DebugLogHandler:LogFormat (UnityEngine.LogType,UnityEngine.Object,string,object[])
UnityEngine.Logger:Log (UnityEngine.LogType,object,UnityEngine.Object)
UnityEngine.Debug:Log (object,UnityEngine.Object)
GlobalVar`1<bool>:ResetValue () (at Assets/Scripts/GlobalVars/GlobalVar.cs:166)
GlobalVar`1<bool>:OnEnable () (at Assets/Scripts/GlobalVars/GlobalVar.cs:152)

(Filename: Assets/Scripts/GlobalVars/GlobalVar.cs Line: 166)

 -> (artifact id: 'c7375e557d367bd41b4f9aecbae5e16c') in 0.402311 seconds 
========================================================================
Received Import Request.
  Time since last request: 0.000047 seconds.
  path: Assets/Models/Assets/bug net - flat.fbx
  artifactKey: Guid(1cfb134b246bc324d9891d775eb4ea40) Importer(815301076,1909f56bfc062723c751e8b465ee728b)
Start importing Assets/Models/Assets/bug net - flat.fbx using Guid(1cfb134b246bc324d9891d775eb4ea40) Importer(815301076,1909f56bfc062723c751e8b465ee728b)  -> (artifact id: 'c0386eab3bb0404d008d324baf5375ca') in 0.059983 seconds 
========================================================================
Received Import Request.
  Time since last request: 0.000042 seconds.
  path: Assets/Prefabs/Bugs/Worm.prefab
  artifactKey: Guid(513550d3a43a34df494177b5714a07e0) Importer(815301076,1909f56bfc062723c751e8b465ee728b)
Start importing Assets/Prefabs/Bugs/Worm.prefab using Guid(513550d3a43a34df494177b5714a07e0) Importer(815301076,1909f56bfc062723c751e8b465ee728b)  -> (artifact id: '6c04151a8eb1b0d77ebb384a1ab34087') in 0.020049 seconds 
========================================================================
Received Import Request.
  Time since last request: 0.000044 seconds.
  path: Assets/Prefabs/jar.prefab
  artifactKey: Guid(e070420cd75804e44906fe8b27006e5b) Importer(815301076,1909f56bfc062723c751e8b465ee728b)
Start importing Assets/Prefabs/jar.prefab using Guid(e070420cd75804e44906fe8b27006e5b) Importer(815301076,1909f56bfc062723c751e8b465ee728b)  -> (artifact id: '10c6235ef9e137bcdb9fdcf9b2fb3be4') in 0.023919 seconds 
========================================================================
Received Import Request.
  Time since last request: 0.000041 seconds.
  path: Assets/Models/Assets/worm.fbx
  artifactKey: Guid(14ec06e3b7649b54db3e580da3b76c2c) Importer(815301076,1909f56bfc062723c751e8b465ee728b)
Start importing Assets/Models/Assets/worm.fbx using Guid(14ec06e3b7649b54db3e580da3b76c2c) Importer(815301076,1909f56bfc062723c751e8b465ee728b)  -> (artifact id: '0b52d3b5042b1eed890e5ebf88df15d6') in 0.033256 seconds 
========================================================================
Received Import Request.
  Time since last request: 0.000034 seconds.
  path: Assets/Prefabs/BugManagerPrefab.prefab
  artifactKey: Guid(61caa41d39d1ea14891a77149feed18a) Importer(815301076,1909f56bfc062723c751e8b465ee728b)
Start importing Assets/Prefabs/BugManagerPrefab.prefab using Guid(61caa41d39d1ea14891a77149feed18a) Importer(815301076,1909f56bfc062723c751e8b465ee728b)  -> (artifact id: '6060a82f0831834cc53ef4703941cfcc') in 0.009128 seconds 
Editor requested this worker to shutdown with reason: Scaling down because of idle timeout
AssetImportWorker is now disconnected from the server
Process exiting
Exiting without the bug reporter. Application will terminate with return code 0