Using pre-set license
Built from '2021.3/evg/staging/82bb020e-b03b1330/draft-0' branch; Version is '2021.3.16f1 (4016570cf34f) revision 4200023'; Using compiler version '192829333'; Build Type 'Release'
OS: 'Windows 11  (10.0.22635) 64bit Core' Language: 'en' Physical Memory: 32677 MB
BatchMode: 1, IsHumanControllingUs: 0, StartBugReporterOnCrash: 0, Is64bit: 1, IsPro: 1

COMMAND LINE ARGUMENTS:
C:\Program Files\Unity\Hub\Editor\2021.3.16f1\Editor\Unity.exe
-adb2
-batchMode
-noUpm
-name
AssetImportWorker7
-projectPath
C:/Users/scott/code/school/buggy/Buggy Game
-logFile
Logs/AssetImportWorker7.log
-srvPort
52049
Successfully changed project path to: C:/Users/scott/code/school/buggy/Buggy Game
C:/Users/scott/code/school/buggy/Buggy Game
[UnityMemory] Configuration Parameters - Can be set up in boot.config
    "memorysetup-bucket-allocator-granularity=16"
    "memorysetup-bucket-allocator-bucket-count=8"
    "memorysetup-bucket-allocator-block-size=33554432"
    "memorysetup-bucket-allocator-block-count=8"
    "memorysetup-main-allocator-block-size=16777216"
    "memorysetup-thread-allocator-block-size=16777216"
    "memorysetup-gfx-main-allocator-block-size=16777216"
    "memorysetup-gfx-thread-allocator-block-size=16777216"
    "memorysetup-cache-allocator-block-size=4194304"
    "memorysetup-typetree-allocator-block-size=2097152"
    "memorysetup-profiler-bucket-allocator-granularity=16"
    "memorysetup-profiler-bucket-allocator-bucket-count=8"
    "memorysetup-profiler-bucket-allocator-block-size=33554432"
    "memorysetup-profiler-bucket-allocator-block-count=8"
    "memorysetup-profiler-allocator-block-size=16777216"
    "memorysetup-profiler-editor-allocator-block-size=1048576"
    "memorysetup-temp-allocator-size-main=16777216"
    "memorysetup-job-temp-allocator-block-size=2097152"
    "memorysetup-job-temp-allocator-block-size-background=1048576"
    "memorysetup-job-temp-allocator-reduction-small-platforms=262144"
    "memorysetup-temp-allocator-size-background-worker=32768"
    "memorysetup-temp-allocator-size-job-worker=262144"
    "memorysetup-temp-allocator-size-preload-manager=33554432"
    "memorysetup-temp-allocator-size-nav-mesh-worker=65536"
    "memorysetup-temp-allocator-size-audio-worker=65536"
    "memorysetup-temp-allocator-size-cloud-worker=32768"
    "memorysetup-temp-allocator-size-gi-baking-worker=262144"
    "memorysetup-temp-allocator-size-gfx=262144"
Player connection [47352] Host "[IP] 10.60.152.140 [Port] 0 [Flags] 2 [Guid] 210536758 [EditorId] 210536758 [Version] 1048832 [Id] WindowsEditor(7,DESKTOP-IG2504N) [Debug] 1 [PackageName] WindowsEditor [ProjectName] Editor" joined multi-casting on [225.0.0.222:54997]...

Player connection [47352] Host "[IP] 10.60.152.140 [Port] 0 [Flags] 2 [Guid] 210536758 [EditorId] 210536758 [Version] 1048832 [Id] WindowsEditor(7,DESKTOP-IG2504N) [Debug] 1 [PackageName] WindowsEditor [ProjectName] Editor" joined alternative multi-casting on [225.0.0.222:34997]...

Refreshing native plugins compatible for Editor in 135.16 ms, found 1 plugins.
Preloading 0 native plugins for Editor in 0.00 ms.
Initialize engine version: 2021.3.16f1 (4016570cf34f)
[Subsystems] Discovering subsystems at path C:/Program Files/Unity/Hub/Editor/2021.3.16f1/Editor/Data/Resources/UnitySubsystems
[Subsystems] Discovering subsystems at path C:/Users/scott/code/school/buggy/Buggy Game/Assets
GfxDevice: creating device client; threaded=0; jobified=0
Direct3D:
    Version:  Direct3D 11.0 [level 11.1]
    Renderer: NVIDIA GeForce RTX 2080 SUPER (ID=0x1e81)
    Vendor:   NVIDIA
    VRAM:     8002 MB
    Driver:   31.0.15.4592
Initialize mono
Mono path[0] = 'C:/Program Files/Unity/Hub/Editor/2021.3.16f1/Editor/Data/Managed'
Mono path[1] = 'C:/Program Files/Unity/Hub/Editor/2021.3.16f1/Editor/Data/MonoBleedingEdge/lib/mono/unityjit-win32'
Mono config path = 'C:/Program Files/Unity/Hub/Editor/2021.3.16f1/Editor/Data/MonoBleedingEdge/etc'
Using monoOptions --debugger-agent=transport=dt_socket,embedding=1,server=y,suspend=n,address=127.0.0.1:56112
Begin MonoManager ReloadAssembly
Registering precompiled unity dll's ...
Register platform support module: C:/Program Files/Unity/Hub/Editor/2021.3.16f1/Editor/Data/PlaybackEngines/WebGLSupport/UnityEditor.WebGL.Extensions.dll
Register platform support module: C:/Program Files/Unity/Hub/Editor/2021.3.16f1/Editor/Data/PlaybackEngines/MacStandaloneSupport/UnityEditor.OSXStandalone.Extensions.dll
Register platform support module: C:/Program Files/Unity/Hub/Editor/2021.3.16f1/Editor/Data/PlaybackEngines/AndroidPlayer/UnityEditor.Android.Extensions.dll
Register platform support module: C:/Program Files/Unity/Hub/Editor/2021.3.16f1/Editor/Data/PlaybackEngines/iOSSupport/UnityEditor.iOS.Extensions.dll
Register platform support module: C:/Program Files/Unity/Hub/Editor/2021.3.16f1/Editor/Data/PlaybackEngines/WindowsStandaloneSupport/UnityEditor.WindowsStandalone.Extensions.dll
Register platform support module: C:/Program Files/Unity/Hub/Editor/2021.3.16f1/Editor/Data/PlaybackEngines/LinuxStandaloneSupport/UnityEditor.LinuxStandalone.Extensions.dll
Register platform support module: C:/Program Files/Unity/Hub/Editor/2021.3.16f1/Editor/Data/PlaybackEngines/MetroSupport/UnityEditor.UWP.Extensions.dll
Registered in 0.012499 seconds.
Native extension for UWP target not found
Native extension for LinuxStandalone target not found
Native extension for WindowsStandalone target not found
[usbmuxd] Start listen thread
[usbmuxd] Listen thread started
[usbmuxd] Send listen message
Native extension for iOS target not found
Native extension for Android target not found
Native extension for OSXStandalone target not found
Native extension for WebGL target not found
Refreshing native plugins compatible for Editor in 135.38 ms, found 1 plugins.
Preloading 0 native plugins for Editor in 0.00 ms.
Mono: successfully reloaded assembly
- Completed reload, in  0.713 seconds
Domain Reload Profiling:
	ReloadAssembly (714ms)
		BeginReloadAssembly (66ms)
			ExecutionOrderSort (0ms)
			DisableScriptedObjects (0ms)
			BackupInstance (0ms)
			ReleaseScriptingObjects (0ms)
			CreateAndSetChildDomain (1ms)
		EndReloadAssembly (539ms)
			LoadAssemblies (64ms)
			RebuildTransferFunctionScriptingTraits (0ms)
			SetupTypeCache (128ms)
			ReleaseScriptCaches (0ms)
			RebuildScriptCaches (26ms)
			SetupLoadedEditorAssemblies (330ms)
				LogAssemblyErrors (0ms)
				InitializePlatformSupportModulesInManaged (69ms)
				SetLoadedEditorAssemblies (0ms)
				RefreshPlugins (135ms)
				BeforeProcessingInitializeOnLoad (1ms)
				ProcessInitializeOnLoadAttributes (85ms)
				ProcessInitializeOnLoadMethodAttributes (39ms)
				AfterProcessingInitializeOnLoad (0ms)
				EditorAssembliesLoaded (0ms)
			ExecutionOrderSort2 (0ms)
			AwakeInstancesAfterBackupRestoration (0ms)
Platform modules already initialized, skipping
Registering precompiled user dll's ...
Registered in 0.008182 seconds.
Begin MonoManager ReloadAssembly
Native extension for UWP target not found
Native extension for LinuxStandalone target not found
Native extension for WindowsStandalone target not found
Native extension for iOS target not found
Native extension for Android target not found
Native extension for OSXStandalone target not found
Native extension for WebGL target not found
Refreshing native plugins compatible for Editor in 137.30 ms, found 1 plugins.
Preloading 0 native plugins for Editor in 0.00 ms.
Mono: successfully reloaded assembly
- Completed reload, in  1.499 seconds
Domain Reload Profiling:
	ReloadAssembly (1500ms)
		BeginReloadAssembly (220ms)
			ExecutionOrderSort (0ms)
			DisableScriptedObjects (6ms)
			BackupInstance (0ms)
			ReleaseScriptingObjects (0ms)
			CreateAndSetChildDomain (136ms)
		EndReloadAssembly (1170ms)
			LoadAssemblies (75ms)
			RebuildTransferFunctionScriptingTraits (0ms)
			SetupTypeCache (243ms)
			ReleaseScriptCaches (1ms)
			RebuildScriptCaches (80ms)
			SetupLoadedEditorAssemblies (725ms)
				LogAssemblyErrors (0ms)
				InitializePlatformSupportModulesInManaged (26ms)
				SetLoadedEditorAssemblies (0ms)
				RefreshPlugins (137ms)
				BeforeProcessingInitializeOnLoad (123ms)
				ProcessInitializeOnLoadAttributes (258ms)
				ProcessInitializeOnLoadMethodAttributes (173ms)
				AfterProcessingInitializeOnLoad (8ms)
				EditorAssembliesLoaded (0ms)
			ExecutionOrderSort2 (0ms)
			AwakeInstancesAfterBackupRestoration (7ms)
Platform modules already initialized, skipping
========================================================================
Worker process is ready to serve import requests
Launched and connected shader compiler UnityShaderCompiler.exe after 0.07 seconds
Refreshing native plugins compatible for Editor in 2.54 ms, found 1 plugins.
Preloading 0 native plugins for Editor in 0.00 ms.
Unloading 6145 Unused Serialized files (Serialized files now loaded: 0)
Unloading 67 unused Assets / (5.0 MB). Loaded Objects now: 6607.
Memory consumption went from 291.4 MB to 286.4 MB.
Total: 9.810600 ms (FindLiveObjects: 1.113700 ms CreateObjectMapping: 0.456600 ms MarkObjects: 5.873100 ms  DeleteObjects: 2.364200 ms)

AssetImportParameters requested are different than current active one (requested -> active):
  custom:video-decoder-ogg-theora: a1e56fd34408186e4bbccfd4996cb3dc -> 
  custom:container-muxer-webm: aa71ff27fc2769a1b78a27578f13a17b -> 
  custom:container-demuxer-webm: 4f35f7cbe854078d1ac9338744f61a02 -> 
  custom:video-encoder-webm-vp8: eb34c28f22e8b96e1ab97ce403110664 -> 
  custom:audio-encoder-webm-vorbis: bf7c407c2cedff20999df2af8eb42d56 -> 
  custom:framework-win-MediaFoundation: 216162199b28c13a410421893ffa2e32 -> 
  custom:container-demuxer-ogg: 62fdf1f143b41e24485cea50d1cbac27 -> 
  custom:video-decoder-webm-vp8: 9c59270c3fd7afecdb556c50c9e8de78 -> 
  custom:audio-decoder-ogg-vorbis: bf7c407c2cedff20999df2af8eb42d56 -> 
========================================================================
Received Prepare
Registering precompiled user dll's ...
Registered in 0.004252 seconds.
Begin MonoManager ReloadAssembly
Native extension for UWP target not found
Native extension for LinuxStandalone target not found
Native extension for WindowsStandalone target not found
Native extension for iOS target not found
Native extension for Android target not found
Native extension for OSXStandalone target not found
Native extension for WebGL target not found
Refreshing native plugins compatible for Editor in 1.03 ms, found 1 plugins.
Preloading 0 native plugins for Editor in 0.00 ms.
Mono: successfully reloaded assembly
- Completed reload, in  1.226 seconds
Domain Reload Profiling:
	ReloadAssembly (1226ms)
		BeginReloadAssembly (142ms)
			ExecutionOrderSort (0ms)
			DisableScriptedObjects (6ms)
			BackupInstance (0ms)
			ReleaseScriptingObjects (0ms)
			CreateAndSetChildDomain (40ms)
		EndReloadAssembly (991ms)
			LoadAssemblies (83ms)
			RebuildTransferFunctionScriptingTraits (0ms)
			SetupTypeCache (254ms)
			ReleaseScriptCaches (2ms)
			RebuildScriptCaches (57ms)
			SetupLoadedEditorAssemblies (476ms)
				LogAssemblyErrors (0ms)
				InitializePlatformSupportModulesInManaged (32ms)
				SetLoadedEditorAssemblies (0ms)
				RefreshPlugins (1ms)
				BeforeProcessingInitializeOnLoad (95ms)
				ProcessInitializeOnLoadAttributes (299ms)
				ProcessInitializeOnLoadMethodAttributes (36ms)
				AfterProcessingInitializeOnLoad (11ms)
				EditorAssembliesLoaded (0ms)
			ExecutionOrderSort2 (0ms)
			AwakeInstancesAfterBackupRestoration (45ms)
Platform modules already initialized, skipping
Refreshing native plugins compatible for Editor in 3.33 ms, found 1 plugins.
Preloading 0 native plugins for Editor in 0.00 ms.
Unloading 5779 Unused Serialized files (Serialized files now loaded: 0)
Unloading 49 unused Assets / (5.0 MB). Loaded Objects now: 6608.
Memory consumption went from 268.8 MB to 263.8 MB.
Total: 9.808100 ms (FindLiveObjects: 0.976100 ms CreateObjectMapping: 0.281100 ms MarkObjects: 6.361400 ms  DeleteObjects: 2.187100 ms)

AssetImportParameters requested are different than current active one (requested -> active):
  custom:video-decoder-ogg-theora: a1e56fd34408186e4bbccfd4996cb3dc -> 
  custom:container-muxer-webm: aa71ff27fc2769a1b78a27578f13a17b -> 
  custom:container-demuxer-webm: 4f35f7cbe854078d1ac9338744f61a02 -> 
  custom:video-encoder-webm-vp8: eb34c28f22e8b96e1ab97ce403110664 -> 
  custom:audio-encoder-webm-vorbis: bf7c407c2cedff20999df2af8eb42d56 -> 
  custom:framework-win-MediaFoundation: 216162199b28c13a410421893ffa2e32 -> 
  custom:container-demuxer-ogg: 62fdf1f143b41e24485cea50d1cbac27 -> 
  custom:video-decoder-webm-vp8: 9c59270c3fd7afecdb556c50c9e8de78 -> 
  custom:audio-decoder-ogg-vorbis: bf7c407c2cedff20999df2af8eb42d56 -> 
========================================================================
Received Prepare
Registering precompiled user dll's ...
Registered in 0.005277 seconds.
Begin MonoManager ReloadAssembly
Native extension for UWP target not found
Native extension for LinuxStandalone target not found
Native extension for WindowsStandalone target not found
Native extension for iOS target not found
Native extension for Android target not found
Native extension for OSXStandalone target not found
Native extension for WebGL target not found
Refreshing native plugins compatible for Editor in 1.01 ms, found 1 plugins.
Preloading 0 native plugins for Editor in 0.00 ms.
Mono: successfully reloaded assembly
- Completed reload, in  1.105 seconds
Domain Reload Profiling:
	ReloadAssembly (1106ms)
		BeginReloadAssembly (125ms)
			ExecutionOrderSort (0ms)
			DisableScriptedObjects (4ms)
			BackupInstance (0ms)
			ReleaseScriptingObjects (0ms)
			CreateAndSetChildDomain (34ms)
		EndReloadAssembly (881ms)
			LoadAssemblies (81ms)
			RebuildTransferFunctionScriptingTraits (0ms)
			SetupTypeCache (229ms)
			ReleaseScriptCaches (2ms)
			RebuildScriptCaches (56ms)
			SetupLoadedEditorAssemblies (386ms)
				LogAssemblyErrors (0ms)
				InitializePlatformSupportModulesInManaged (34ms)
				SetLoadedEditorAssemblies (0ms)
				RefreshPlugins (1ms)
				BeforeProcessingInitializeOnLoad (86ms)
				ProcessInitializeOnLoadAttributes (228ms)
				ProcessInitializeOnLoadMethodAttributes (28ms)
				AfterProcessingInitializeOnLoad (9ms)
				EditorAssembliesLoaded (0ms)
			ExecutionOrderSort2 (0ms)
			AwakeInstancesAfterBackupRestoration (47ms)
Platform modules already initialized, skipping
Refreshing native plugins compatible for Editor in 3.82 ms, found 1 plugins.
Preloading 0 native plugins for Editor in 0.00 ms.
Unloading 5779 Unused Serialized files (Serialized files now loaded: 0)
Unloading 49 unused Assets / (5.0 MB). Loaded Objects now: 6609.
Memory consumption went from 268.8 MB to 263.8 MB.
Total: 9.244700 ms (FindLiveObjects: 1.125500 ms CreateObjectMapping: 0.367400 ms MarkObjects: 5.529300 ms  DeleteObjects: 2.220800 ms)

AssetImportParameters requested are different than current active one (requested -> active):
  custom:video-decoder-ogg-theora: a1e56fd34408186e4bbccfd4996cb3dc -> 
  custom:container-muxer-webm: aa71ff27fc2769a1b78a27578f13a17b -> 
  custom:container-demuxer-webm: 4f35f7cbe854078d1ac9338744f61a02 -> 
  custom:video-encoder-webm-vp8: eb34c28f22e8b96e1ab97ce403110664 -> 
  custom:audio-encoder-webm-vorbis: bf7c407c2cedff20999df2af8eb42d56 -> 
  custom:framework-win-MediaFoundation: 216162199b28c13a410421893ffa2e32 -> 
  custom:container-demuxer-ogg: 62fdf1f143b41e24485cea50d1cbac27 -> 
  custom:video-decoder-webm-vp8: 9c59270c3fd7afecdb556c50c9e8de78 -> 
  custom:audio-decoder-ogg-vorbis: bf7c407c2cedff20999df2af8eb42d56 -> 
========================================================================
Received Import Request.
  Time since last request: 328634.568714 seconds.
  path: Assets/Materials/BackyardRef.mat
  artifactKey: Guid(68fe72cdff6d0cd41945e32050443a58) Importer(815301076,1909f56bfc062723c751e8b465ee728b)
Start importing Assets/Materials/BackyardRef.mat using Guid(68fe72cdff6d0cd41945e32050443a58) Importer(815301076,1909f56bfc062723c751e8b465ee728b)  -> (artifact id: '3ddbbf09573976cc0d25be255274be6e') in 2.322782 seconds 
========================================================================
Received Import Request.
  Time since last request: 0.000040 seconds.
  path: Assets/Materials/book 5.mat
  artifactKey: Guid(0c93c93a1de346c4bbcf050c0ae1168b) Importer(815301076,1909f56bfc062723c751e8b465ee728b)
Start importing Assets/Materials/book 5.mat using Guid(0c93c93a1de346c4bbcf050c0ae1168b) Importer(815301076,1909f56bfc062723c751e8b465ee728b)  -> (artifact id: '51ed57df7e4d26e47984a98b5737a657') in 0.021811 seconds 
========================================================================
Received Import Request.
  Time since last request: 0.000049 seconds.
  path: Assets/Materials/glass 2.mat
  artifactKey: Guid(ed9b135df03b39e4393f15646e28b9d0) Importer(815301076,1909f56bfc062723c751e8b465ee728b)
Start importing Assets/Materials/glass 2.mat using Guid(ed9b135df03b39e4393f15646e28b9d0) Importer(815301076,1909f56bfc062723c751e8b465ee728b)  -> (artifact id: '93c24501407000c3c5ee1df4939aff65') in 0.019909 seconds 
========================================================================
Received Import Request.
  Time since last request: 0.000041 seconds.
  path: Assets/Materials/star4.mat
  artifactKey: Guid(98cd342ff769d554fb43c7d9372c3730) Importer(815301076,1909f56bfc062723c751e8b465ee728b)
Start importing Assets/Materials/star4.mat using Guid(98cd342ff769d554fb43c7d9372c3730) Importer(815301076,1909f56bfc062723c751e8b465ee728b)  -> (artifact id: '75932d151eba55ed4ab2a0cf520cd153') in 0.018375 seconds 
========================================================================
Received Import Request.
  Time since last request: 0.000031 seconds.
  path: Assets/Materials/mattress.mat
  artifactKey: Guid(8f77d9fd91caf7e419bbfefde7f2f68c) Importer(815301076,1909f56bfc062723c751e8b465ee728b)
Start importing Assets/Materials/mattress.mat using Guid(8f77d9fd91caf7e419bbfefde7f2f68c) Importer(815301076,1909f56bfc062723c751e8b465ee728b)  -> (artifact id: '5e7a4738f206edaf444d459bc80efaff') in 0.663832 seconds 
========================================================================
Received Import Request.
  Time since last request: 0.000048 seconds.
  path: Assets/Materials/glow lamp.mat
  artifactKey: Guid(ac89d8548488ac0499491e8f3a86b4ce) Importer(815301076,1909f56bfc062723c751e8b465ee728b)
Start importing Assets/Materials/glow lamp.mat using Guid(ac89d8548488ac0499491e8f3a86b4ce) Importer(815301076,1909f56bfc062723c751e8b465ee728b)  -> (artifact id: '364ca1f49431a6619be27c14cb54a12e') in 0.018633 seconds 
========================================================================
Received Import Request.
  Time since last request: 0.000044 seconds.
  path: Assets/Materials/shell.mat
  artifactKey: Guid(31c651010af3b304693a58b49c3667e9) Importer(815301076,1909f56bfc062723c751e8b465ee728b)
Start importing Assets/Materials/shell.mat using Guid(31c651010af3b304693a58b49c3667e9) Importer(815301076,1909f56bfc062723c751e8b465ee728b)  -> (artifact id: '567bdc7519d57a1c3dbd27a3cf91687d') in 0.018124 seconds 
========================================================================
Received Import Request.
  Time since last request: 0.000037 seconds.
  path: Assets/Materials/jar lid Special.mat
  artifactKey: Guid(ee4d18ba8a36f4f49a12f61fd1aac24a) Importer(815301076,1909f56bfc062723c751e8b465ee728b)
Start importing Assets/Materials/jar lid Special.mat using Guid(ee4d18ba8a36f4f49a12f61fd1aac24a) Importer(815301076,1909f56bfc062723c751e8b465ee728b)  -> (artifact id: '6495b95e3c56c7a5243137da8b79d5f7') in 0.016977 seconds 
========================================================================
Received Import Request.
  Time since last request: 0.000036 seconds.
  path: Assets/Materials/BlankPoster 4.mat
  artifactKey: Guid(78f7374c29ac24ce4bbe23171ce801dd) Importer(815301076,1909f56bfc062723c751e8b465ee728b)
Start importing Assets/Materials/BlankPoster 4.mat using Guid(78f7374c29ac24ce4bbe23171ce801dd) Importer(815301076,1909f56bfc062723c751e8b465ee728b)  -> (artifact id: 'b4ead37c44cb6517a14d614a62345ecf') in 0.032331 seconds 
========================================================================
Received Import Request.
  Time since last request: 0.000037 seconds.
  path: Assets/Materials/light_wood_texture.mat
  artifactKey: Guid(87c328d8eaddcc440b9bc78c490f8cb1) Importer(815301076,1909f56bfc062723c751e8b465ee728b)
Start importing Assets/Materials/light_wood_texture.mat using Guid(87c328d8eaddcc440b9bc78c490f8cb1) Importer(815301076,1909f56bfc062723c751e8b465ee728b)  -> (artifact id: '123bb3e96295a59d56eb6dad264ee075') in 0.028408 seconds 
========================================================================
Received Import Request.
  Time since last request: 0.000031 seconds.
  path: Assets/Materials/BookHighlight.mat
  artifactKey: Guid(2b4fdf562778de54aaff438575b150b4) Importer(815301076,1909f56bfc062723c751e8b465ee728b)
Start importing Assets/Materials/BookHighlight.mat using Guid(2b4fdf562778de54aaff438575b150b4) Importer(815301076,1909f56bfc062723c751e8b465ee728b)  -> (artifact id: 'cc33e59f249de229634a5a3458119482') in 0.018417 seconds 
========================================================================
Received Import Request.
  Time since last request: 0.000033 seconds.
  path: Assets/Materials/SnailShell.mat
  artifactKey: Guid(2bf909978ce4948929b9012c4114ee86) Importer(815301076,1909f56bfc062723c751e8b465ee728b)
Start importing Assets/Materials/SnailShell.mat using Guid(2bf909978ce4948929b9012c4114ee86) Importer(815301076,1909f56bfc062723c751e8b465ee728b)  -> (artifact id: '111692cb2ccd0c423d00e9e3600b6b34') in 0.017960 seconds 
========================================================================
Received Import Request.
  Time since last request: 0.000059 seconds.
  path: Assets/Materials/book 1.mat
  artifactKey: Guid(d3f45afd595284f48a7a3d5a5579840e) Importer(815301076,1909f56bfc062723c751e8b465ee728b)
Start importing Assets/Materials/book 1.mat using Guid(d3f45afd595284f48a7a3d5a5579840e) Importer(815301076,1909f56bfc062723c751e8b465ee728b)  -> (artifact id: '307819a3366b62e818998d5ee9a0d561') in 0.021342 seconds 
========================================================================
Received Import Request.
  Time since last request: 0.000063 seconds.
  path: Assets/Materials/frame.mat
  artifactKey: Guid(fd7bd2e367e5c4b45924ca3a6aed332d) Importer(815301076,1909f56bfc062723c751e8b465ee728b)
Start importing Assets/Materials/frame.mat using Guid(fd7bd2e367e5c4b45924ca3a6aed332d) Importer(815301076,1909f56bfc062723c751e8b465ee728b)  -> (artifact id: '1bae2f62b9e8a5a3645d2063c743542f') in 0.032720 seconds 
========================================================================
Received Import Request.
  Time since last request: 0.000050 seconds.
  path: Assets/Materials/glass 4.mat
  artifactKey: Guid(f257aeba6b6273b47b5c8d7a2f6caf6f) Importer(815301076,1909f56bfc062723c751e8b465ee728b)
Start importing Assets/Materials/glass 4.mat using Guid(f257aeba6b6273b47b5c8d7a2f6caf6f) Importer(815301076,1909f56bfc062723c751e8b465ee728b)  -> (artifact id: '2aa46041f617b239ad19e44367ea8e5d') in 0.027482 seconds 
========================================================================
Received Import Request.
  Time since last request: 0.000037 seconds.
  path: Assets/Materials/glass.mat
  artifactKey: Guid(25c89ee47b119d74a85a5effb5662c53) Importer(815301076,1909f56bfc062723c751e8b465ee728b)
Start importing Assets/Materials/glass.mat using Guid(25c89ee47b119d74a85a5effb5662c53) Importer(815301076,1909f56bfc062723c751e8b465ee728b)  -> (artifact id: '442a2a92360216067da4f88b4424ece4') in 0.018806 seconds 
========================================================================
Received Import Request.
  Time since last request: 0.000054 seconds.
  path: Assets/Materials/book 4.mat
  artifactKey: Guid(6d368b0c759313c468df3ad2402de0b0) Importer(815301076,1909f56bfc062723c751e8b465ee728b)
Start importing Assets/Materials/book 4.mat using Guid(6d368b0c759313c468df3ad2402de0b0) Importer(815301076,1909f56bfc062723c751e8b465ee728b)  -> (artifact id: '64730c7c8faa0261e0a0a2b960e72fb7') in 0.030182 seconds 
========================================================================
Received Import Request.
  Time since last request: 0.000053 seconds.
  path: Assets/Materials/glass 6.mat
  artifactKey: Guid(a265b13c6b4951b4f96b6e5c266aba97) Importer(815301076,1909f56bfc062723c751e8b465ee728b)
Start importing Assets/Materials/glass 6.mat using Guid(a265b13c6b4951b4f96b6e5c266aba97) Importer(815301076,1909f56bfc062723c751e8b465ee728b)  -> (artifact id: 'cc0862c197ef16e6284e4282787c739f') in 0.020789 seconds 
========================================================================
Received Import Request.
  Time since last request: 0.000037 seconds.
  path: Assets/Materials/wall.mat
  artifactKey: Guid(a5643b32b9251d445a8ba0ac49af9f31) Importer(815301076,1909f56bfc062723c751e8b465ee728b)
Start importing Assets/Materials/wall.mat using Guid(a5643b32b9251d445a8ba0ac49af9f31) Importer(815301076,1909f56bfc062723c751e8b465ee728b)  -> (artifact id: 'f1bf031391e8f93a6b66206e09347540') in 0.032824 seconds 
========================================================================
Received Import Request.
  Time since last request: 0.000055 seconds.
  path: Assets/Materials/glass 3.mat
  artifactKey: Guid(eba694e19dd045a44b0fdee68f20a498) Importer(815301076,1909f56bfc062723c751e8b465ee728b)
Start importing Assets/Materials/glass 3.mat using Guid(eba694e19dd045a44b0fdee68f20a498) Importer(815301076,1909f56bfc062723c751e8b465ee728b)  -> (artifact id: '963e21e25414848f6b985ec94722d3cc') in 0.021992 seconds 
========================================================================
Received Import Request.
  Time since last request: 0.000052 seconds.
  path: Assets/Materials/white metal.mat
  artifactKey: Guid(b30caa9930284b04b8b6ad664b003ea4) Importer(815301076,1909f56bfc062723c751e8b465ee728b)
Start importing Assets/Materials/white metal.mat using Guid(b30caa9930284b04b8b6ad664b003ea4) Importer(815301076,1909f56bfc062723c751e8b465ee728b)  -> (artifact id: '4ff33883f41ee7f73d4f79d9c141ca2f') in 0.019986 seconds 
========================================================================
Received Import Request.
  Time since last request: 0.000048 seconds.
  path: Assets/Materials/book 3.mat
  artifactKey: Guid(8f48b9a327a38d647b0e1e1e7352662a) Importer(815301076,1909f56bfc062723c751e8b465ee728b)
Start importing Assets/Materials/book 3.mat using Guid(8f48b9a327a38d647b0e1e1e7352662a) Importer(815301076,1909f56bfc062723c751e8b465ee728b)  -> (artifact id: '31f58467959afb53a18932e58b4e9a5d') in 0.022956 seconds 
========================================================================
Received Import Request.
  Time since last request: 0.000047 seconds.
  path: Assets/Materials/lantern paper.mat
  artifactKey: Guid(a79ae8f37b6134840b69ea6dbe98cae5) Importer(815301076,1909f56bfc062723c751e8b465ee728b)
Start importing Assets/Materials/lantern paper.mat using Guid(a79ae8f37b6134840b69ea6dbe98cae5) Importer(815301076,1909f56bfc062723c751e8b465ee728b)  -> (artifact id: '18ed76dad01f3e45ce40e184ce07ddfd') in 0.020591 seconds 
========================================================================
Received Import Request.
  Time since last request: 0.000049 seconds.
  path: Assets/Materials/book 2.mat
  artifactKey: Guid(21e917d0acbc21642866515a62fe50f0) Importer(815301076,1909f56bfc062723c751e8b465ee728b)
Start importing Assets/Materials/book 2.mat using Guid(21e917d0acbc21642866515a62fe50f0) Importer(815301076,1909f56bfc062723c751e8b465ee728b)  -> (artifact id: '9693fba44ecadcd6ee6323f530ee5c73') in 0.022014 seconds 
========================================================================
Received Import Request.
  Time since last request: 0.000038 seconds.
  path: Assets/Materials/star3.mat
  artifactKey: Guid(fbde5ef2610ab8c40a507773ac246266) Importer(815301076,1909f56bfc062723c751e8b465ee728b)
Start importing Assets/Materials/star3.mat using Guid(fbde5ef2610ab8c40a507773ac246266) Importer(815301076,1909f56bfc062723c751e8b465ee728b)  -> (artifact id: 'bd331090d050b2608a0fbc62fcf187f5') in 0.022497 seconds 
Editor requested this worker to shutdown with reason: Scaling down because of idle timeout
AssetImportWorker is now disconnected from the server
Process exiting
Exiting without the bug reporter. Application will terminate with return code 0