Using pre-set license
Built from '2021.3/evg/staging/82bb020e-b03b1330/draft-0' branch; Version is '2021.3.16f1 (4016570cf34f) revision 4200023'; Using compiler version '192829333'; Build Type 'Release'
OS: 'Windows 11  (10.0.22635) 64bit Core' Language: 'en' Physical Memory: 32677 MB
BatchMode: 1, IsHumanControllingUs: 0, StartBugReporterOnCrash: 0, Is64bit: 1, IsPro: 1

COMMAND LINE ARGUMENTS:
C:\Program Files\Unity\Hub\Editor\2021.3.16f1\Editor\Unity.exe
-adb2
-batchMode
-noUpm
-name
AssetImportWorker5
-projectPath
C:/Users/scott/code/school/buggy/Buggy Game
-logFile
Logs/AssetImportWorker5.log
-srvPort
52049
Successfully changed project path to: C:/Users/scott/code/school/buggy/Buggy Game
C:/Users/scott/code/school/buggy/Buggy Game
[UnityMemory] Configuration Parameters - Can be set up in boot.config
    "memorysetup-bucket-allocator-granularity=16"
    "memorysetup-bucket-allocator-bucket-count=8"
    "memorysetup-bucket-allocator-block-size=33554432"
    "memorysetup-bucket-allocator-block-count=8"
    "memorysetup-main-allocator-block-size=16777216"
    "memorysetup-thread-allocator-block-size=16777216"
    "memorysetup-gfx-main-allocator-block-size=16777216"
    "memorysetup-gfx-thread-allocator-block-size=16777216"
    "memorysetup-cache-allocator-block-size=4194304"
    "memorysetup-typetree-allocator-block-size=2097152"
    "memorysetup-profiler-bucket-allocator-granularity=16"
    "memorysetup-profiler-bucket-allocator-bucket-count=8"
    "memorysetup-profiler-bucket-allocator-block-size=33554432"
    "memorysetup-profiler-bucket-allocator-block-count=8"
    "memorysetup-profiler-allocator-block-size=16777216"
    "memorysetup-profiler-editor-allocator-block-size=1048576"
    "memorysetup-temp-allocator-size-main=16777216"
    "memorysetup-job-temp-allocator-block-size=2097152"
    "memorysetup-job-temp-allocator-block-size-background=1048576"
    "memorysetup-job-temp-allocator-reduction-small-platforms=262144"
    "memorysetup-temp-allocator-size-background-worker=32768"
    "memorysetup-temp-allocator-size-job-worker=262144"
    "memorysetup-temp-allocator-size-preload-manager=33554432"
    "memorysetup-temp-allocator-size-nav-mesh-worker=65536"
    "memorysetup-temp-allocator-size-audio-worker=65536"
    "memorysetup-temp-allocator-size-cloud-worker=32768"
    "memorysetup-temp-allocator-size-gi-baking-worker=262144"
    "memorysetup-temp-allocator-size-gfx=262144"
Player connection [45448] Host "[IP] 10.60.152.140 [Port] 0 [Flags] 2 [Guid] 784677688 [EditorId] 784677688 [Version] 1048832 [Id] WindowsEditor(7,DESKTOP-IG2504N) [Debug] 1 [PackageName] WindowsEditor [ProjectName] Editor" joined multi-casting on [225.0.0.222:54997]...

Player connection [45448] Host "[IP] 10.60.152.140 [Port] 0 [Flags] 2 [Guid] 784677688 [EditorId] 784677688 [Version] 1048832 [Id] WindowsEditor(7,DESKTOP-IG2504N) [Debug] 1 [PackageName] WindowsEditor [ProjectName] Editor" joined alternative multi-casting on [225.0.0.222:34997]...

Refreshing native plugins compatible for Editor in 154.61 ms, found 1 plugins.
Preloading 0 native plugins for Editor in 0.00 ms.
Initialize engine version: 2021.3.16f1 (4016570cf34f)
[Subsystems] Discovering subsystems at path C:/Program Files/Unity/Hub/Editor/2021.3.16f1/Editor/Data/Resources/UnitySubsystems
[Subsystems] Discovering subsystems at path C:/Users/scott/code/school/buggy/Buggy Game/Assets
GfxDevice: creating device client; threaded=0; jobified=0
Direct3D:
    Version:  Direct3D 11.0 [level 11.1]
    Renderer: NVIDIA GeForce RTX 2080 SUPER (ID=0x1e81)
    Vendor:   NVIDIA
    VRAM:     8002 MB
    Driver:   31.0.15.4592
Initialize mono
Mono path[0] = 'C:/Program Files/Unity/Hub/Editor/2021.3.16f1/Editor/Data/Managed'
Mono path[1] = 'C:/Program Files/Unity/Hub/Editor/2021.3.16f1/Editor/Data/MonoBleedingEdge/lib/mono/unityjit-win32'
Mono config path = 'C:/Program Files/Unity/Hub/Editor/2021.3.16f1/Editor/Data/MonoBleedingEdge/etc'
Using monoOptions --debugger-agent=transport=dt_socket,embedding=1,server=y,suspend=n,address=127.0.0.1:56876
Begin MonoManager ReloadAssembly
Registering precompiled unity dll's ...
Register platform support module: C:/Program Files/Unity/Hub/Editor/2021.3.16f1/Editor/Data/PlaybackEngines/WebGLSupport/UnityEditor.WebGL.Extensions.dll
Register platform support module: C:/Program Files/Unity/Hub/Editor/2021.3.16f1/Editor/Data/PlaybackEngines/MacStandaloneSupport/UnityEditor.OSXStandalone.Extensions.dll
Register platform support module: C:/Program Files/Unity/Hub/Editor/2021.3.16f1/Editor/Data/PlaybackEngines/AndroidPlayer/UnityEditor.Android.Extensions.dll
Register platform support module: C:/Program Files/Unity/Hub/Editor/2021.3.16f1/Editor/Data/PlaybackEngines/iOSSupport/UnityEditor.iOS.Extensions.dll
Register platform support module: C:/Program Files/Unity/Hub/Editor/2021.3.16f1/Editor/Data/PlaybackEngines/WindowsStandaloneSupport/UnityEditor.WindowsStandalone.Extensions.dll
Register platform support module: C:/Program Files/Unity/Hub/Editor/2021.3.16f1/Editor/Data/PlaybackEngines/LinuxStandaloneSupport/UnityEditor.LinuxStandalone.Extensions.dll
Register platform support module: C:/Program Files/Unity/Hub/Editor/2021.3.16f1/Editor/Data/PlaybackEngines/MetroSupport/UnityEditor.UWP.Extensions.dll
Registered in 0.016453 seconds.
Native extension for UWP target not found
Native extension for LinuxStandalone target not found
Native extension for WindowsStandalone target not found
[usbmuxd] Start listen thread
[usbmuxd] Listen thread started
[usbmuxd] Send listen message
Native extension for iOS target not found
Native extension for Android target not found
Native extension for OSXStandalone target not found
Native extension for WebGL target not found
Refreshing native plugins compatible for Editor in 185.28 ms, found 1 plugins.
Preloading 0 native plugins for Editor in 0.00 ms.
Mono: successfully reloaded assembly
- Completed reload, in  0.967 seconds
Domain Reload Profiling:
	ReloadAssembly (967ms)
		BeginReloadAssembly (89ms)
			ExecutionOrderSort (0ms)
			DisableScriptedObjects (0ms)
			BackupInstance (0ms)
			ReleaseScriptingObjects (0ms)
			CreateAndSetChildDomain (1ms)
		EndReloadAssembly (716ms)
			LoadAssemblies (87ms)
			RebuildTransferFunctionScriptingTraits (0ms)
			SetupTypeCache (172ms)
			ReleaseScriptCaches (0ms)
			RebuildScriptCaches (38ms)
			SetupLoadedEditorAssemblies (437ms)
				LogAssemblyErrors (0ms)
				InitializePlatformSupportModulesInManaged (103ms)
				SetLoadedEditorAssemblies (0ms)
				RefreshPlugins (185ms)
				BeforeProcessingInitializeOnLoad (1ms)
				ProcessInitializeOnLoadAttributes (105ms)
				ProcessInitializeOnLoadMethodAttributes (42ms)
				AfterProcessingInitializeOnLoad (0ms)
				EditorAssembliesLoaded (0ms)
			ExecutionOrderSort2 (0ms)
			AwakeInstancesAfterBackupRestoration (0ms)
Platform modules already initialized, skipping
Registering precompiled user dll's ...
Registered in 0.005515 seconds.
Begin MonoManager ReloadAssembly
Native extension for UWP target not found
Native extension for LinuxStandalone target not found
Native extension for WindowsStandalone target not found
Native extension for iOS target not found
Native extension for Android target not found
Native extension for OSXStandalone target not found
Native extension for WebGL target not found
Refreshing native plugins compatible for Editor in 124.30 ms, found 1 plugins.
Preloading 0 native plugins for Editor in 0.00 ms.
Mono: successfully reloaded assembly
- Completed reload, in  1.423 seconds
Domain Reload Profiling:
	ReloadAssembly (1424ms)
		BeginReloadAssembly (206ms)
			ExecutionOrderSort (0ms)
			DisableScriptedObjects (6ms)
			BackupInstance (0ms)
			ReleaseScriptingObjects (0ms)
			CreateAndSetChildDomain (123ms)
		EndReloadAssembly (1113ms)
			LoadAssemblies (78ms)
			RebuildTransferFunctionScriptingTraits (0ms)
			SetupTypeCache (233ms)
			ReleaseScriptCaches (1ms)
			RebuildScriptCaches (74ms)
			SetupLoadedEditorAssemblies (691ms)
				LogAssemblyErrors (0ms)
				InitializePlatformSupportModulesInManaged (28ms)
				SetLoadedEditorAssemblies (0ms)
				RefreshPlugins (124ms)
				BeforeProcessingInitializeOnLoad (116ms)
				ProcessInitializeOnLoadAttributes (253ms)
				ProcessInitializeOnLoadMethodAttributes (161ms)
				AfterProcessingInitializeOnLoad (8ms)
				EditorAssembliesLoaded (0ms)
			ExecutionOrderSort2 (0ms)
			AwakeInstancesAfterBackupRestoration (6ms)
Platform modules already initialized, skipping
========================================================================
Worker process is ready to serve import requests
Launched and connected shader compiler UnityShaderCompiler.exe after 0.05 seconds
Refreshing native plugins compatible for Editor in 1.15 ms, found 1 plugins.
Preloading 0 native plugins for Editor in 0.00 ms.
Unloading 6144 Unused Serialized files (Serialized files now loaded: 0)
Unloading 66 unused Assets / (5.0 MB). Loaded Objects now: 6607.
Memory consumption went from 291.2 MB to 286.2 MB.
Total: 5.001700 ms (FindLiveObjects: 0.605200 ms CreateObjectMapping: 0.179300 ms MarkObjects: 3.048100 ms  DeleteObjects: 1.167600 ms)

AssetImportParameters requested are different than current active one (requested -> active):
  custom:video-decoder-ogg-theora: a1e56fd34408186e4bbccfd4996cb3dc -> 
  custom:container-muxer-webm: aa71ff27fc2769a1b78a27578f13a17b -> 
  custom:container-demuxer-webm: 4f35f7cbe854078d1ac9338744f61a02 -> 
  custom:video-encoder-webm-vp8: eb34c28f22e8b96e1ab97ce403110664 -> 
  custom:audio-encoder-webm-vorbis: bf7c407c2cedff20999df2af8eb42d56 -> 
  custom:framework-win-MediaFoundation: 216162199b28c13a410421893ffa2e32 -> 
  custom:container-demuxer-ogg: 62fdf1f143b41e24485cea50d1cbac27 -> 
  custom:video-decoder-webm-vp8: 9c59270c3fd7afecdb556c50c9e8de78 -> 
  custom:audio-decoder-ogg-vorbis: bf7c407c2cedff20999df2af8eb42d56 -> 
========================================================================
Received Import Request.
  Time since last request: 322598.979929 seconds.
  path: Assets/Textures/Bugopedia/BeePage.jpg
  artifactKey: Guid(4fb1df345ea3c814e8c36ea8f4adbaff) Importer(815301076,1909f56bfc062723c751e8b465ee728b)
Start importing Assets/Textures/Bugopedia/BeePage.jpg using Guid(4fb1df345ea3c814e8c36ea8f4adbaff) Importer(815301076,1909f56bfc062723c751e8b465ee728b)  -> (artifact id: '2df117f75900ffeba8cf218d7162151a') in 0.198715 seconds 
========================================================================
Received Import Request.
  Time since last request: 0.000033 seconds.
  path: Assets/Textures/Bugopedia/SnailPage.jpg
  artifactKey: Guid(b694799d7d81efc4eaa81d34849476bc) Importer(815301076,1909f56bfc062723c751e8b465ee728b)
Start importing Assets/Textures/Bugopedia/SnailPage.jpg using Guid(b694799d7d81efc4eaa81d34849476bc) Importer(815301076,1909f56bfc062723c751e8b465ee728b)  -> (artifact id: '9b885dcd88dce63b4f989dd718ba6715') in 0.016182 seconds 
========================================================================
Received Import Request.
  Time since last request: 0.000031 seconds.
  path: Assets/Textures/Bugopedia/StickbugPage.jpg
  artifactKey: Guid(feaceb4fde2664f4889ce7feb2cf1c91) Importer(815301076,1909f56bfc062723c751e8b465ee728b)
Start importing Assets/Textures/Bugopedia/StickbugPage.jpg using Guid(feaceb4fde2664f4889ce7feb2cf1c91) Importer(815301076,1909f56bfc062723c751e8b465ee728b)  -> (artifact id: 'ac621ccb4932418abdb85205cef0c34e') in 0.014382 seconds 
========================================================================
Received Import Request.
  Time since last request: 0.000022 seconds.
  path: Assets/Textures/Bugopedia/LadybugPage.jpg
  artifactKey: Guid(ac471e9cb8bcd854fa7caed75219f1bc) Importer(815301076,1909f56bfc062723c751e8b465ee728b)
Start importing Assets/Textures/Bugopedia/LadybugPage.jpg using Guid(ac471e9cb8bcd854fa7caed75219f1bc) Importer(815301076,1909f56bfc062723c751e8b465ee728b)  -> (artifact id: '6683615eb16092409b6c223e6362787d') in 0.014225 seconds 
========================================================================
Received Import Request.
  Time since last request: 0.637434 seconds.
  path: Assets/Textures/BackyardRef.png
  artifactKey: Guid(7066eabb2c8de284fa304bfaec2d7770) Importer(815301076,1909f56bfc062723c751e8b465ee728b)
Start importing Assets/Textures/BackyardRef.png using Guid(7066eabb2c8de284fa304bfaec2d7770) Importer(815301076,1909f56bfc062723c751e8b465ee728b)  -> (artifact id: 'bd7703dbc9a8cee7c42c241d46acf01c') in 0.019295 seconds 
========================================================================
Received Import Request.
  Time since last request: 0.000035 seconds.
  path: Assets/Textures/UV_snapshot_mansion.png
  artifactKey: Guid(44e5c1704aa33574886d8c808e73a436) Importer(815301076,1909f56bfc062723c751e8b465ee728b)
Start importing Assets/Textures/UV_snapshot_mansion.png using Guid(44e5c1704aa33574886d8c808e73a436) Importer(815301076,1909f56bfc062723c751e8b465ee728b)  -> (artifact id: '27124f6c7730f7091af8bdf3951c8f78') in 0.019080 seconds 
========================================================================
Received Import Request.
  Time since last request: 0.000025 seconds.
  path: Assets/Textures/SnailSticker.PNG
  artifactKey: Guid(6ac4c8c39daf64d598462b0f52151053) Importer(815301076,1909f56bfc062723c751e8b465ee728b)
Start importing Assets/Textures/SnailSticker.PNG using Guid(6ac4c8c39daf64d598462b0f52151053) Importer(815301076,1909f56bfc062723c751e8b465ee728b)  -> (artifact id: '36c091ab4825839724776fc968b360a3') in 0.019784 seconds 
========================================================================
Received Import Request.
  Time since last request: 0.000021 seconds.
  path: Assets/Textures/texture_abdom.png
  artifactKey: Guid(3daa089e98996604da64526720098595) Importer(815301076,1909f56bfc062723c751e8b465ee728b)
Start importing Assets/Textures/texture_abdom.png using Guid(3daa089e98996604da64526720098595) Importer(815301076,1909f56bfc062723c751e8b465ee728b)  -> (artifact id: '36fc0a6e934505216bf89d649c1b8afd') in 0.014435 seconds 
========================================================================
Received Import Request.
  Time since last request: 0.000028 seconds.
  path: Assets/Textures/crossHair.png
  artifactKey: Guid(73499891e0b8a4604812179a2e3bfc4a) Importer(815301076,1909f56bfc062723c751e8b465ee728b)
Start importing Assets/Textures/crossHair.png using Guid(73499891e0b8a4604812179a2e3bfc4a) Importer(815301076,1909f56bfc062723c751e8b465ee728b)  -> (artifact id: '93063eec9a367b19e5f6221543562355') in 0.179741 seconds 
========================================================================
Received Import Request.
  Time since last request: 0.000041 seconds.
  path: Assets/Textures/LadybugSticker.PNG
  artifactKey: Guid(f11af91d4217b4906822482d89736d01) Importer(815301076,1909f56bfc062723c751e8b465ee728b)
Start importing Assets/Textures/LadybugSticker.PNG using Guid(f11af91d4217b4906822482d89736d01) Importer(815301076,1909f56bfc062723c751e8b465ee728b)  -> (artifact id: '3647e3aed786482325ec56fac8e62ea6') in 0.184212 seconds 
========================================================================
Received Import Request.
  Time since last request: 0.000042 seconds.
  path: Assets/Textures/BlankPoster.png
  artifactKey: Guid(a7a843b0d07d9412d98203de25b146da) Importer(815301076,1909f56bfc062723c751e8b465ee728b)
Start importing Assets/Textures/BlankPoster.png using Guid(a7a843b0d07d9412d98203de25b146da) Importer(815301076,1909f56bfc062723c751e8b465ee728b)  -> (artifact id: '0e4c9d0d5b45c39d57cde2f12b568976') in 0.159828 seconds 
Editor requested this worker to shutdown with reason: Scaling down because of idle timeout
AssetImportWorker is now disconnected from the server
Process exiting
Exiting without the bug reporter. Application will terminate with return code 0