Unity Editor version:    2021.3.16f1 (4016570cf34f)
Branch:                  2021.3/evg/staging/82bb020e-b03b1330/draft-0
Build type:              Release
Batch mode:              YES
macOS version:           Version 14.0 (Build 23A344)
Darwin version:          23.0.0
Architecture:            x86_64
Running under Rosetta:   NO
Available memory:        32768 MB
Using pre-set license
Pro License: YES

COMMAND LINE ARGUMENTS:
/Applications/Unity/Hub/Editor/2021.3.16f1/Unity.app/Contents/MacOS/Unity
-adb2
-batchMode
-noUpm
-name
AssetImportWorker2
-projectPath
/Users/couchcomfy/Code/games/buggy/Buggy Game
-logFile
Logs/AssetImportWorker2.log
-srvPort
54189
Successfully changed project path to: /Users/couchcomfy/Code/games/buggy/Buggy Game
/Users/couchcomfy/Code/games/buggy/Buggy Game
[UnityMemory] Configuration Parameters - Can be set up in boot.config
    "memorysetup-bucket-allocator-granularity=16"
    "memorysetup-bucket-allocator-bucket-count=8"
    "memorysetup-bucket-allocator-block-size=33554432"
    "memorysetup-bucket-allocator-block-count=8"
    "memorysetup-main-allocator-block-size=16777216"
    "memorysetup-thread-allocator-block-size=16777216"
    "memorysetup-gfx-main-allocator-block-size=16777216"
    "memorysetup-gfx-thread-allocator-block-size=16777216"
    "memorysetup-cache-allocator-block-size=4194304"
    "memorysetup-typetree-allocator-block-size=2097152"
    "memorysetup-profiler-bucket-allocator-granularity=16"
    "memorysetup-profiler-bucket-allocator-bucket-count=8"
    "memorysetup-profiler-bucket-allocator-block-size=33554432"
    "memorysetup-profiler-bucket-allocator-block-count=8"
    "memorysetup-profiler-allocator-block-size=16777216"
    "memorysetup-profiler-editor-allocator-block-size=1048576"
    "memorysetup-temp-allocator-size-main=16777216"
    "memorysetup-job-temp-allocator-block-size=2097152"
    "memorysetup-job-temp-allocator-block-size-background=1048576"
    "memorysetup-job-temp-allocator-reduction-small-platforms=262144"
    "memorysetup-temp-allocator-size-background-worker=32768"
    "memorysetup-temp-allocator-size-job-worker=262144"
    "memorysetup-temp-allocator-size-preload-manager=33554432"
    "memorysetup-temp-allocator-size-nav-mesh-worker=65536"
    "memorysetup-temp-allocator-size-audio-worker=65536"
    "memorysetup-temp-allocator-size-cloud-worker=32768"
    "memorysetup-temp-allocator-size-gi-baking-worker=262144"
    "memorysetup-temp-allocator-size-gfx=262144"
Player connection [140704481721984] Host "[IP] 10.110.16.246 [Port] 0 [Flags] 2 [Guid] 2814401251 [EditorId] 2814401251 [Version] 1048832 [Id] OSXEditor(0,scottpignataros-MacBook-Pro.local) [Debug] 1 [PackageName] OSXEditor [ProjectName] Editor" joined multi-casting on [225.0.0.222:54997]...

Player connection [140704481721984] Host "[IP] 10.110.16.246 [Port] 0 [Flags] 2 [Guid] 2814401251 [EditorId] 2814401251 [Version] 1048832 [Id] OSXEditor(0,scottpignataros-MacBook-Pro.local) [Debug] 1 [PackageName] OSXEditor [ProjectName] Editor" joined alternative multi-casting on [225.0.0.222:34997]...

Refreshing native plugins compatible for Editor in 223.16 ms, found 1 plugins.
Preloading 0 native plugins for Editor in 0.00 ms.
Initialize engine version: 2021.3.16f1 (4016570cf34f)
[Subsystems] Discovering subsystems at path /Applications/Unity/Hub/Editor/2021.3.16f1/Unity.app/Contents/Resources/UnitySubsystems
[Subsystems] Discovering subsystems at path /Users/couchcomfy/Code/games/buggy/Buggy Game/Assets
GfxDevice: creating device client; threaded=0; jobified=0
Color LCD preferred device: AMD Radeon Pro 5500M (high power)
Metal devices available: 2
0: AMD Radeon Pro 5500M (high power)
1: Intel(R) UHD Graphics 630 (low power)
Using device AMD Radeon Pro 5500M (high power)
Initializing Metal device caps: AMD Radeon Pro 5500M
Initialize mono
Mono path[0] = '/Applications/Unity/Hub/Editor/2021.3.16f1/Unity.app/Contents/Managed'
Mono path[1] = '/Applications/Unity/Hub/Editor/2021.3.16f1/Unity.app/Contents/MonoBleedingEdge/lib/mono/unityjit-macos'
Mono config path = '/Applications/Unity/Hub/Editor/2021.3.16f1/Unity.app/Contents/MonoBleedingEdge/etc'
Using monoOptions --debugger-agent=transport=dt_socket,embedding=1,server=y,suspend=n,address=127.0.0.1:56689
Begin MonoManager ReloadAssembly
Registering precompiled unity dll's ...
Register platform support module: /Applications/Unity/Hub/Editor/2021.3.16f1/Unity.app/Contents/PlaybackEngines/MacStandaloneSupport/UnityEditor.OSXStandalone.Extensions.dll
Registered in 0.002479 seconds.
Native extension for OSXStandalone target not found
Refreshing native plugins compatible for Editor in 218.30 ms, found 1 plugins.
Preloading 0 native plugins for Editor in 0.00 ms.
Mono: successfully reloaded assembly
- Completed reload, in  1.283 seconds
Domain Reload Profiling:
	ReloadAssembly (1284ms)
		BeginReloadAssembly (175ms)
			ExecutionOrderSort (0ms)
			DisableScriptedObjects (0ms)
			BackupInstance (0ms)
			ReleaseScriptingObjects (0ms)
			CreateAndSetChildDomain (1ms)
		EndReloadAssembly (915ms)
			LoadAssemblies (175ms)
			RebuildTransferFunctionScriptingTraits (0ms)
			SetupTypeCache (205ms)
			ReleaseScriptCaches (0ms)
			RebuildScriptCaches (64ms)
			SetupLoadedEditorAssemblies (563ms)
				LogAssemblyErrors (0ms)
				InitializePlatformSupportModulesInManaged (12ms)
				SetLoadedEditorAssemblies (0ms)
				RefreshPlugins (218ms)
				BeforeProcessingInitializeOnLoad (2ms)
				ProcessInitializeOnLoadAttributes (256ms)
				ProcessInitializeOnLoadMethodAttributes (75ms)
				AfterProcessingInitializeOnLoad (0ms)
				EditorAssembliesLoaded (0ms)
			ExecutionOrderSort2 (0ms)
			AwakeInstancesAfterBackupRestoration (0ms)
Platform modules already initialized, skipping
Registering precompiled user dll's ...
Registered in 0.011855 seconds.
Begin MonoManager ReloadAssembly
Native extension for OSXStandalone target not found
Refreshing native plugins compatible for Editor in 200.89 ms, found 1 plugins.
Preloading 0 native plugins for Editor in 0.00 ms.
Mono: successfully reloaded assembly
- Completed reload, in  2.854 seconds
Domain Reload Profiling:
	ReloadAssembly (2855ms)
		BeginReloadAssembly (159ms)
			ExecutionOrderSort (0ms)
			DisableScriptedObjects (9ms)
			BackupInstance (0ms)
			ReleaseScriptingObjects (0ms)
			CreateAndSetChildDomain (40ms)
		EndReloadAssembly (2491ms)
			LoadAssemblies (179ms)
			RebuildTransferFunctionScriptingTraits (0ms)
			SetupTypeCache (534ms)
			ReleaseScriptCaches (1ms)
			RebuildScriptCaches (160ms)
			SetupLoadedEditorAssemblies (1528ms)
				LogAssemblyErrors (0ms)
				InitializePlatformSupportModulesInManaged (5ms)
				SetLoadedEditorAssemblies (0ms)
				RefreshPlugins (201ms)
				BeforeProcessingInitializeOnLoad (209ms)
				ProcessInitializeOnLoadAttributes (603ms)
				ProcessInitializeOnLoadMethodAttributes (507ms)
				AfterProcessingInitializeOnLoad (3ms)
				EditorAssembliesLoaded (0ms)
			ExecutionOrderSort2 (0ms)
			AwakeInstancesAfterBackupRestoration (7ms)
Platform modules already initialized, skipping
========================================================================
Worker process is ready to serve import requests
Launching external process: /Applications/Unity/Hub/Editor/2021.3.16f1/Unity.app/Contents/Tools/UnityShaderCompiler
Launched and connected shader compiler UnityShaderCompiler after 0.13 seconds
Refreshing native plugins compatible for Editor in 1.15 ms, found 1 plugins.
Preloading 0 native plugins for Editor in 0.00 ms.
Unloading 6145 Unused Serialized files (Serialized files now loaded: 0)
Unloading 69 unused Assets / (2.8 MB). Loaded Objects now: 6601.
Memory consumption went from 291.0 MB to 288.2 MB.
Total: 6.518214 ms (FindLiveObjects: 0.609168 ms CreateObjectMapping: 0.635841 ms MarkObjects: 4.298513 ms  DeleteObjects: 0.973572 ms)

AssetImportParameters requested are different than current active one (requested -> active):
  custom:video-decoder-ogg-theora: a1e56fd34408186e4bbccfd4996cb3dc -> 
  custom:container-muxer-webm: aa71ff27fc2769a1b78a27578f13a17b -> 
  custom:container-demuxer-webm: 4f35f7cbe854078d1ac9338744f61a02 -> 
  custom:video-encoder-webm-vp8: eb34c28f22e8b96e1ab97ce403110664 -> 
  custom:framework-osx-AVFoundation: e770b220cccbd017edd2c1fefb359320 -> 
  custom:audio-encoder-webm-vorbis: bf7c407c2cedff20999df2af8eb42d56 -> 
  custom:container-demuxer-ogg: 62fdf1f143b41e24485cea50d1cbac27 -> 
  custom:video-decoder-webm-vp8: 9c59270c3fd7afecdb556c50c9e8de78 -> 
  custom:audio-decoder-ogg-vorbis: bf7c407c2cedff20999df2af8eb42d56 -> 
========================================================================
Received Import Request.
  Time since last request: 116545.549174 seconds.
  path: Assets/Prefabs/InventoryManager.prefab
  artifactKey: Guid(00ad131dd02805645b31fe15b19acbed) Importer(815301076,1909f56bfc062723c751e8b465ee728b)
Start importing Assets/Prefabs/InventoryManager.prefab using Guid(00ad131dd02805645b31fe15b19acbed) Importer(815301076,1909f56bfc062723c751e8b465ee728b)  -> (artifact id: '6ccc43f0564a5b90ec9f84fb325e8236') in 0.328170 seconds 
========================================================================
Received Import Request.
  Time since last request: 1.594451 seconds.
  path: Assets/Prefabs/Ant.prefab
  artifactKey: Guid(ad8fd7ccddc584234a0b3c8031a6b2e5) Importer(815301076,1909f56bfc062723c751e8b465ee728b)
Start importing Assets/Prefabs/Ant.prefab using Guid(ad8fd7ccddc584234a0b3c8031a6b2e5) Importer(815301076,1909f56bfc062723c751e8b465ee728b)  -> (artifact id: 'e7f838706877db4dc613934a54303ffa') in 1.165913 seconds 
========================================================================
Received Import Request.
  Time since last request: 0.180781 seconds.
  path: Assets/Prefabs/Ant.prefab
  artifactKey: Guid(ad8fd7ccddc584234a0b3c8031a6b2e5) Importer(815301076,1909f56bfc062723c751e8b465ee728b)
Start importing Assets/Prefabs/Ant.prefab using Guid(ad8fd7ccddc584234a0b3c8031a6b2e5) Importer(815301076,1909f56bfc062723c751e8b465ee728b)  -> (artifact id: '3def5ab43bd1fbd6a9932a808dd6d111') in 0.034435 seconds 
========================================================================
Received Import Request.
  Time since last request: 0.179885 seconds.
  path: Assets/Prefabs/Ant.prefab
  artifactKey: Guid(ad8fd7ccddc584234a0b3c8031a6b2e5) Importer(815301076,1909f56bfc062723c751e8b465ee728b)
Start importing Assets/Prefabs/Ant.prefab using Guid(ad8fd7ccddc584234a0b3c8031a6b2e5) Importer(815301076,1909f56bfc062723c751e8b465ee728b)  -> (artifact id: 'f15d558dbade656d1cc04d80d8d73845') in 0.024670 seconds 
========================================================================
Received Import Request.
  Time since last request: 0.148993 seconds.
  path: Assets/Prefabs/Ant.prefab
  artifactKey: Guid(ad8fd7ccddc584234a0b3c8031a6b2e5) Importer(815301076,1909f56bfc062723c751e8b465ee728b)
Start importing Assets/Prefabs/Ant.prefab using Guid(ad8fd7ccddc584234a0b3c8031a6b2e5) Importer(815301076,1909f56bfc062723c751e8b465ee728b)  -> (artifact id: 'b491504ea5e77d4c04b8b017bdbaa975') in 0.034638 seconds 
========================================================================
Received Import Request.
  Time since last request: 10.660354 seconds.
  path: Assets/Prefabs/Ant.prefab
  artifactKey: Guid(ad8fd7ccddc584234a0b3c8031a6b2e5) Importer(815301076,1909f56bfc062723c751e8b465ee728b)
Start importing Assets/Prefabs/Ant.prefab using Guid(ad8fd7ccddc584234a0b3c8031a6b2e5) Importer(815301076,1909f56bfc062723c751e8b465ee728b)  -> (artifact id: '95edab0e36cd01978aa68f4ff90aa22f') in 0.028496 seconds 
========================================================================
Received Import Request.
  Time since last request: 0.569979 seconds.
  path: Assets/Prefabs/Ant.prefab
  artifactKey: Guid(ad8fd7ccddc584234a0b3c8031a6b2e5) Importer(815301076,1909f56bfc062723c751e8b465ee728b)
Start importing Assets/Prefabs/Ant.prefab using Guid(ad8fd7ccddc584234a0b3c8031a6b2e5) Importer(815301076,1909f56bfc062723c751e8b465ee728b)  -> (artifact id: 'f546f12d20e3bec26ba60e855644521f') in 0.032386 seconds 
========================================================================
Received Import Request.
  Time since last request: 1.616014 seconds.
  path: Assets/Prefabs/Ant.prefab
  artifactKey: Guid(ad8fd7ccddc584234a0b3c8031a6b2e5) Importer(815301076,1909f56bfc062723c751e8b465ee728b)
Start importing Assets/Prefabs/Ant.prefab using Guid(ad8fd7ccddc584234a0b3c8031a6b2e5) Importer(815301076,1909f56bfc062723c751e8b465ee728b)  -> (artifact id: '1a8e07c3b08ad13f7da4a273d4d04058') in 0.023137 seconds 
========================================================================
Received Import Request.
  Time since last request: 36.519958 seconds.
  path: Assets/Prefabs/Ant.prefab
  artifactKey: Guid(ad8fd7ccddc584234a0b3c8031a6b2e5) Importer(815301076,1909f56bfc062723c751e8b465ee728b)
Start importing Assets/Prefabs/Ant.prefab using Guid(ad8fd7ccddc584234a0b3c8031a6b2e5) Importer(815301076,1909f56bfc062723c751e8b465ee728b)  -> (artifact id: '6fb9a03b6caf29e2dfd3f9927142e226') in 0.076456 seconds 
========================================================================
Received Import Request.
  Time since last request: 11.462035 seconds.
  path: Assets/Prefabs/Ant.prefab
  artifactKey: Guid(ad8fd7ccddc584234a0b3c8031a6b2e5) Importer(815301076,1909f56bfc062723c751e8b465ee728b)
Start importing Assets/Prefabs/Ant.prefab using Guid(ad8fd7ccddc584234a0b3c8031a6b2e5) Importer(815301076,1909f56bfc062723c751e8b465ee728b)  -> (artifact id: '4e0780a5807e9908089878c5736004b1') in 0.028942 seconds 
========================================================================
Received Import Request.
  Time since last request: 83.441468 seconds.
  path: Assets/Prefabs/Ant.prefab
  artifactKey: Guid(ad8fd7ccddc584234a0b3c8031a6b2e5) Importer(815301076,1909f56bfc062723c751e8b465ee728b)
Start importing Assets/Prefabs/Ant.prefab using Guid(ad8fd7ccddc584234a0b3c8031a6b2e5) Importer(815301076,1909f56bfc062723c751e8b465ee728b)  -> (artifact id: 'fb1a79272021502752de8e11497301e0') in 0.027726 seconds 
========================================================================
Received Import Request.
  Time since last request: 2.593760 seconds.
  path: Assets/Prefabs/Ant.prefab
  artifactKey: Guid(ad8fd7ccddc584234a0b3c8031a6b2e5) Importer(815301076,1909f56bfc062723c751e8b465ee728b)
Start importing Assets/Prefabs/Ant.prefab using Guid(ad8fd7ccddc584234a0b3c8031a6b2e5) Importer(815301076,1909f56bfc062723c751e8b465ee728b)  -> (artifact id: 'e9b23383fa2fcf3aba5b92f25576a7bf') in 0.028933 seconds 
========================================================================
Received Import Request.
  Time since last request: 0.160159 seconds.
  path: Assets/Prefabs/Ant.prefab
  artifactKey: Guid(ad8fd7ccddc584234a0b3c8031a6b2e5) Importer(815301076,1909f56bfc062723c751e8b465ee728b)
Start importing Assets/Prefabs/Ant.prefab using Guid(ad8fd7ccddc584234a0b3c8031a6b2e5) Importer(815301076,1909f56bfc062723c751e8b465ee728b)  -> (artifact id: 'c4c006b0f2b4e742971815f6da483fff') in 0.028203 seconds 
========================================================================
Received Import Request.
  Time since last request: 5.843500 seconds.
  path: Assets/Prefabs/Ant.prefab
  artifactKey: Guid(ad8fd7ccddc584234a0b3c8031a6b2e5) Importer(815301076,1909f56bfc062723c751e8b465ee728b)
Start importing Assets/Prefabs/Ant.prefab using Guid(ad8fd7ccddc584234a0b3c8031a6b2e5) Importer(815301076,1909f56bfc062723c751e8b465ee728b)  -> (artifact id: '798d123d8c517c6a69851d3d5c7f0e8b') in 0.024444 seconds 
